{"contracts\\Diamond.sol":{"l":{"12":1,"15":1,"16":1,"19":1,"20":1,"27":1,"31":14,"32":14,"33":14,"37":14,"38":14,"40":14},"path":"C:\\Users\\Fernando\\Documents\\solidity\\alastria\\T-REX\\migracion-t-rex-diamond\\contracts\\Diamond.sol","s":{"1":1,"2":1,"3":1,"4":1,"5":14,"6":14,"7":14,"8":14},"b":{"1":[14,0]},"f":{"1":1,"2":14},"fnMap":{"1":{"name":"constructor","line":11,"loc":{"start":{"line":11,"column":0},"end":{"line":28,"column":0}}},"2":{"name":null,"line":30,"loc":{"start":{"line":30,"column":4},"end":{"line":52,"column":4}}}},"statementMap":{"1":{"start":{"line":12,"column":4},"end":{"line":12,"column":42}},"2":{"start":{"line":15,"column":4},"end":{"line":15,"column":55}},"3":{"start":{"line":19,"column":4},"end":{"line":19,"column":69}},"4":{"start":{"line":27,"column":4},"end":{"line":27,"column":55}},"5":{"start":{"line":31,"column":8},"end":{"line":31,"column":44}},"6":{"start":{"line":32,"column":8},"end":{"line":32,"column":62}},"7":{"start":{"line":37,"column":8},"end":{"line":37,"column":75}},"8":{"start":{"line":38,"column":8},"end":{"line":38,"column":71}}},"branchMap":{"1":{"line":38,"type":"if","locations":[{"start":{"line":38,"column":8},"end":{"line":38,"column":8}},{"start":{"line":38,"column":8},"end":{"line":38,"column":8}}]}}},"contracts\\faces\\ComplianceFacet.sol":{"l":{},"path":"C:\\Users\\Fernando\\Documents\\solidity\\alastria\\T-REX\\migracion-t-rex-diamond\\contracts\\faces\\ComplianceFacet.sol","s":{},"b":{},"f":{},"fnMap":{},"statementMap":{},"branchMap":{}},"contracts\\faces\\DiamondCutFacet.sol":{"l":{},"path":"C:\\Users\\Fernando\\Documents\\solidity\\alastria\\T-REX\\migracion-t-rex-diamond\\contracts\\faces\\DiamondCutFacet.sol","s":{},"b":{},"f":{},"fnMap":{},"statementMap":{},"branchMap":{}},"contracts\\faces\\IdentityFacet.sol":{"l":{},"path":"C:\\Users\\Fernando\\Documents\\solidity\\alastria\\T-REX\\migracion-t-rex-diamond\\contracts\\faces\\IdentityFacet.sol","s":{},"b":{},"f":{},"fnMap":{},"statementMap":{},"branchMap":{}},"contracts\\facets\\ClaimTopicsFacet.sol":{"l":{"11":0,"12":0,"16":0,"17":0,"18":0,"20":0,"21":0,"25":0,"26":0,"27":0,"28":0,"29":0,"30":0,"31":0,"37":0},"path":"C:\\Users\\Fernando\\Documents\\solidity\\alastria\\T-REX\\migracion-t-rex-diamond\\contracts\\facets\\ClaimTopicsFacet.sol","s":{"1":0,"2":0,"3":0,"4":0,"5":0,"6":0,"7":0,"8":0,"9":0,"10":0,"11":0,"12":0},"b":{"1":[0,0],"2":[0,0],"3":[0,0],"4":[0,0],"5":[0,0]},"f":{"1":0,"2":0,"3":0,"4":0},"fnMap":{"1":{"name":"onlyOwner","line":10,"loc":{"start":{"line":10,"column":4},"end":{"line":13,"column":4}}},"2":{"name":"addClaimTopic","line":15,"loc":{"start":{"line":15,"column":4},"end":{"line":22,"column":4}}},"3":{"name":"removeClaimTopic","line":24,"loc":{"start":{"line":24,"column":4},"end":{"line":34,"column":4}}},"4":{"name":"getClaimTopics","line":36,"loc":{"start":{"line":36,"column":4},"end":{"line":38,"column":4}}}},"statementMap":{"1":{"start":{"line":11,"column":8},"end":{"line":11,"column":79}},"2":{"start":{"line":16,"column":8},"end":{"line":16,"column":61}},"3":{"start":{"line":17,"column":8},"end":{"line":17,"column":551}},"4":{"start":{"line":18,"column":12},"end":{"line":18,"column":62}},"5":{"start":{"line":20,"column":8},"end":{"line":20,"column":32}},"6":{"start":{"line":21,"column":8},"end":{"line":21,"column":35}},"7":{"start":{"line":25,"column":8},"end":{"line":25,"column":61}},"8":{"start":{"line":26,"column":8},"end":{"line":26,"column":901}},"9":{"start":{"line":27,"column":12},"end":{"line":27,"column":968}},"10":{"start":{"line":29,"column":16},"end":{"line":29,"column":34}},"11":{"start":{"line":30,"column":16},"end":{"line":30,"column":45}},"12":{"start":{"line":37,"column":8},"end":{"line":37,"column":57}}},"branchMap":{"1":{"line":11,"type":"if","locations":[{"start":{"line":11,"column":8},"end":{"line":11,"column":8}},{"start":{"line":11,"column":8},"end":{"line":11,"column":8}}]},"2":{"line":15,"type":"if","locations":[{"start":{"line":15,"column":51},"end":{"line":15,"column":51}},{"start":{"line":15,"column":51},"end":{"line":15,"column":51}}]},"3":{"line":18,"type":"if","locations":[{"start":{"line":18,"column":12},"end":{"line":18,"column":12}},{"start":{"line":18,"column":12},"end":{"line":18,"column":12}}]},"4":{"line":24,"type":"if","locations":[{"start":{"line":24,"column":54},"end":{"line":24,"column":54}},{"start":{"line":24,"column":54},"end":{"line":24,"column":54}}]},"5":{"line":27,"type":"if","locations":[{"start":{"line":27,"column":12},"end":{"line":27,"column":12}},{"start":{"line":27,"column":12},"end":{"line":27,"column":12}}]}}},"contracts\\facets\\ComplianceFacet.sol":{"l":{"13":1,"14":1,"18":1,"19":1,"23":0,"24":0,"28":0,"29":0,"33":1,"34":1,"35":1,"37":1,"38":1,"39":0,"41":0,"42":0,"43":0,"44":0,"46":0,"48":0,"52":1,"53":1},"path":"C:\\Users\\Fernando\\Documents\\solidity\\alastria\\T-REX\\migracion-t-rex-diamond\\contracts\\facets\\ComplianceFacet.sol","s":{"1":1,"2":1,"3":0,"4":0,"5":1,"6":1,"7":0,"8":1,"9":0,"10":1,"11":1,"12":1,"13":0,"14":0,"15":0,"16":0,"17":0,"18":0,"19":0,"20":0,"21":0,"22":1,"23":1},"b":{"1":[1,0],"2":[1,0],"3":[0,0],"4":[0,0],"5":[0,1],"6":[0,0],"7":[0,1],"8":[1,0],"9":[0,0],"10":[0,0],"11":[0,0],"12":[0,0]},"f":{"1":1,"2":1,"3":0,"4":0,"5":1,"6":1},"fnMap":{"1":{"name":"onlyOwner","line":12,"loc":{"start":{"line":12,"column":4},"end":{"line":15,"column":4}}},"2":{"name":"setMaxBalance","line":17,"loc":{"start":{"line":17,"column":4},"end":{"line":20,"column":4}}},"3":{"name":"setMinBalance","line":22,"loc":{"start":{"line":22,"column":4},"end":{"line":25,"column":4}}},"4":{"name":"setMaxInvestors","line":27,"loc":{"start":{"line":27,"column":4},"end":{"line":30,"column":4}}},"5":{"name":"canTransfer","line":32,"loc":{"start":{"line":32,"column":4},"end":{"line":49,"column":4}}},"6":{"name":"complianceRules","line":51,"loc":{"start":{"line":51,"column":4},"end":{"line":58,"column":4}}}},"statementMap":{"1":{"start":{"line":13,"column":8},"end":{"line":13,"column":79}},"2":{"start":{"line":19,"column":8},"end":{"line":19,"column":31}},"3":{"start":{"line":24,"column":8},"end":{"line":24,"column":31}},"4":{"start":{"line":29,"column":8},"end":{"line":29,"column":33}},"5":{"start":{"line":33,"column":8},"end":{"line":33,"column":61}},"6":{"start":{"line":34,"column":8},"end":{"line":34,"column":80}},"7":{"start":{"line":34,"column":68},"end":{"line":34,"column":80}},"8":{"start":{"line":35,"column":8},"end":{"line":35,"column":64}},"9":{"start":{"line":35,"column":52},"end":{"line":35,"column":64}},"10":{"start":{"line":37,"column":8},"end":{"line":37,"column":52}},"11":{"start":{"line":38,"column":8},"end":{"line":38,"column":93}},"12":{"start":{"line":38,"column":81},"end":{"line":38,"column":93}},"13":{"start":{"line":39,"column":8},"end":{"line":39,"column":93}},"14":{"start":{"line":39,"column":81},"end":{"line":39,"column":93}},"15":{"start":{"line":41,"column":8},"end":{"line":41,"column":1586}},"16":{"start":{"line":42,"column":12},"end":{"line":42,"column":29}},"17":{"start":{"line":43,"column":12},"end":{"line":43,"column":1695}},"18":{"start":{"line":44,"column":16},"end":{"line":44,"column":57}},"19":{"start":{"line":46,"column":12},"end":{"line":46,"column":64}},"20":{"start":{"line":46,"column":52},"end":{"line":46,"column":64}},"21":{"start":{"line":48,"column":8},"end":{"line":48,"column":19}},"22":{"start":{"line":52,"column":8},"end":{"line":52,"column":61}},"23":{"start":{"line":53,"column":8},"end":{"line":53,"column":2114}}},"branchMap":{"1":{"line":13,"type":"if","locations":[{"start":{"line":13,"column":8},"end":{"line":13,"column":8}},{"start":{"line":13,"column":8},"end":{"line":13,"column":8}}]},"2":{"line":17,"type":"if","locations":[{"start":{"line":17,"column":49},"end":{"line":17,"column":49}},{"start":{"line":17,"column":49},"end":{"line":17,"column":49}}]},"3":{"line":22,"type":"if","locations":[{"start":{"line":22,"column":49},"end":{"line":22,"column":49}},{"start":{"line":22,"column":49},"end":{"line":22,"column":49}}]},"4":{"line":27,"type":"if","locations":[{"start":{"line":27,"column":51},"end":{"line":27,"column":51}},{"start":{"line":27,"column":51},"end":{"line":27,"column":51}}]},"5":{"line":34,"type":"if","locations":[{"start":{"line":34,"column":8},"end":{"line":34,"column":8}},{"start":{"line":34,"column":8},"end":{"line":34,"column":8}}]},"6":{"line":34,"type":"cond-expr","locations":[{"start":{"line":34,"column":12},"end":{"line":34,"column":37}},{"start":{"line":34,"column":42},"end":{"line":34,"column":65}}]},"7":{"line":35,"type":"if","locations":[{"start":{"line":35,"column":8},"end":{"line":35,"column":8}},{"start":{"line":35,"column":8},"end":{"line":35,"column":8}}]},"8":{"line":38,"type":"if","locations":[{"start":{"line":38,"column":8},"end":{"line":38,"column":8}},{"start":{"line":38,"column":8},"end":{"line":38,"column":8}}]},"9":{"line":39,"type":"if","locations":[{"start":{"line":39,"column":8},"end":{"line":39,"column":8}},{"start":{"line":39,"column":8},"end":{"line":39,"column":8}}]},"10":{"line":41,"type":"if","locations":[{"start":{"line":41,"column":8},"end":{"line":41,"column":8}},{"start":{"line":41,"column":8},"end":{"line":41,"column":8}}]},"11":{"line":44,"type":"if","locations":[{"start":{"line":44,"column":16},"end":{"line":44,"column":16}},{"start":{"line":44,"column":16},"end":{"line":44,"column":16}}]},"12":{"line":46,"type":"if","locations":[{"start":{"line":46,"column":12},"end":{"line":46,"column":12}},{"start":{"line":46,"column":12},"end":{"line":46,"column":12}}]}}},"contracts\\facets\\DiamondCutFacet.sol":{"l":{"13":1,"14":1},"path":"C:\\Users\\Fernando\\Documents\\solidity\\alastria\\T-REX\\migracion-t-rex-diamond\\contracts\\facets\\DiamondCutFacet.sol","s":{"1":1,"2":1},"b":{},"f":{"1":1},"fnMap":{"1":{"name":"diamondCut","line":8,"loc":{"start":{"line":8,"column":4},"end":{"line":15,"column":4}}}},"statementMap":{"1":{"start":{"line":13,"column":8},"end":{"line":13,"column":42}},"2":{"start":{"line":14,"column":8},"end":{"line":14,"column":59}}},"branchMap":{}},"contracts\\facets\\IdentityFacet.sol":{"l":{"16":1,"17":1,"18":1,"22":1,"23":1,"24":1,"25":1,"29":0,"30":0,"31":0,"32":0,"36":0,"37":0,"38":0,"42":0,"43":0,"44":0,"46":0,"47":0,"48":0,"50":0,"52":0,"53":0,"54":0,"55":0,"57":0,"58":0,"59":0,"60":0,"68":0,"69":0,"70":0,"71":0,"72":0,"77":0,"80":0,"82":0,"84":0,"88":0,"94":1},"path":"C:\\Users\\Fernando\\Documents\\solidity\\alastria\\T-REX\\migracion-t-rex-diamond\\contracts\\facets\\IdentityFacet.sol","s":{"1":1,"2":1,"3":1,"4":1,"5":1,"6":0,"7":0,"8":0,"9":0,"10":0,"11":0,"12":0,"13":0,"14":0,"15":0,"16":0,"17":0,"18":0,"19":0,"20":0,"21":0,"22":0,"23":0,"24":0,"25":0,"26":0,"27":0,"28":0,"29":0,"30":0,"31":0,"32":0,"33":0,"34":0,"35":1},"b":{"1":[1,0],"2":[0,1],"3":[1,0],"4":[1,0],"5":[0,0],"6":[0,0],"7":[0,0],"8":[0,0],"9":[0,0],"10":[0,0],"11":[0,0],"12":[0,0],"13":[0,0],"14":[0,0]},"f":{"1":1,"2":1,"3":0,"4":0,"5":0,"6":0,"7":0,"8":1},"fnMap":{"1":{"name":"onlyAgentOrOwner","line":15,"loc":{"start":{"line":15,"column":4},"end":{"line":19,"column":4}}},"2":{"name":"registerIdentity","line":21,"loc":{"start":{"line":21,"column":4},"end":{"line":26,"column":4}}},"3":{"name":"updateIdentity","line":28,"loc":{"start":{"line":28,"column":4},"end":{"line":33,"column":4}}},"4":{"name":"updateCountry","line":35,"loc":{"start":{"line":35,"column":4},"end":{"line":39,"column":4}}},"5":{"name":"deleteIdentity","line":41,"loc":{"start":{"line":41,"column":4},"end":{"line":45,"column":4}}},"6":{"name":"isVerified","line":45,"loc":{"start":{"line":45,"column":9},"end":{"line":85,"column":4}}},"7":{"name":"getInvestorCountry","line":87,"loc":{"start":{"line":87,"column":4},"end":{"line":89,"column":4}}},"8":{"name":"getIdentity","line":93,"loc":{"start":{"line":93,"column":4},"end":{"line":95,"column":4}}}},"statementMap":{"1":{"start":{"line":16,"column":8},"end":{"line":16,"column":61}},"2":{"start":{"line":17,"column":8},"end":{"line":17,"column":79}},"3":{"start":{"line":22,"column":8},"end":{"line":22,"column":61}},"4":{"start":{"line":23,"column":8},"end":{"line":23,"column":82}},"5":{"start":{"line":25,"column":8},"end":{"line":25,"column":60}},"6":{"start":{"line":29,"column":8},"end":{"line":29,"column":61}},"7":{"start":{"line":30,"column":8},"end":{"line":30,"column":78}},"8":{"start":{"line":32,"column":8},"end":{"line":32,"column":51}},"9":{"start":{"line":36,"column":8},"end":{"line":36,"column":61}},"10":{"start":{"line":38,"column":8},"end":{"line":38,"column":49}},"11":{"start":{"line":42,"column":8},"end":{"line":42,"column":61}},"12":{"start":{"line":44,"column":8},"end":{"line":44,"column":38}},"13":{"start":{"line":46,"column":8},"end":{"line":46,"column":61}},"14":{"start":{"line":47,"column":8},"end":{"line":47,"column":52}},"15":{"start":{"line":48,"column":8},"end":{"line":48,"column":57}},"16":{"start":{"line":48,"column":45},"end":{"line":48,"column":57}},"17":{"start":{"line":50,"column":8},"end":{"line":50,"column":57}},"18":{"start":{"line":52,"column":8},"end":{"line":52,"column":2475}},"19":{"start":{"line":53,"column":12},"end":{"line":53,"column":44}},"20":{"start":{"line":54,"column":12},"end":{"line":54,"column":62}},"21":{"start":{"line":55,"column":12},"end":{"line":55,"column":35}},"22":{"start":{"line":57,"column":12},"end":{"line":57,"column":2694}},"23":{"start":{"line":58,"column":16},"end":{"line":58,"column":2768}},"24":{"start":{"line":59,"column":20},"end":{"line":59,"column":2881}},"25":{"start":{"line":60,"column":24},"end":{"line":60,"column":2964}},"26":{"start":{"line":68,"column":28},"end":{"line":68,"column":3367}},"27":{"start":{"line":69,"column":32},"end":{"line":69,"column":3441}},"28":{"start":{"line":70,"column":36},"end":{"line":70,"column":3568}},"29":{"start":{"line":77,"column":24},"end":{"line":77,"column":45}},"30":{"start":{"line":80,"column":16},"end":{"line":80,"column":37}},"31":{"start":{"line":82,"column":12},"end":{"line":82,"column":41}},"32":{"start":{"line":82,"column":29},"end":{"line":82,"column":41}},"33":{"start":{"line":84,"column":8},"end":{"line":84,"column":19}},"34":{"start":{"line":88,"column":8},"end":{"line":88,"column":73}},"35":{"start":{"line":94,"column":8},"end":{"line":94,"column":74}}},"branchMap":{"1":{"line":17,"type":"if","locations":[{"start":{"line":17,"column":8},"end":{"line":17,"column":8}},{"start":{"line":17,"column":8},"end":{"line":17,"column":8}}]},"2":{"line":17,"type":"cond-expr","locations":[{"start":{"line":17,"column":16},"end":{"line":17,"column":36}},{"start":{"line":17,"column":41},"end":{"line":17,"column":60}}]},"3":{"line":21,"type":"if","locations":[{"start":{"line":21,"column":91},"end":{"line":21,"column":91}},{"start":{"line":21,"column":91},"end":{"line":21,"column":91}}]},"4":{"line":23,"type":"if","locations":[{"start":{"line":23,"column":8},"end":{"line":23,"column":8}},{"start":{"line":23,"column":8},"end":{"line":23,"column":8}}]},"5":{"line":28,"type":"if","locations":[{"start":{"line":28,"column":76},"end":{"line":28,"column":76}},{"start":{"line":28,"column":76},"end":{"line":28,"column":76}}]},"6":{"line":30,"type":"if","locations":[{"start":{"line":30,"column":8},"end":{"line":30,"column":8}},{"start":{"line":30,"column":8},"end":{"line":30,"column":8}}]},"7":{"line":35,"type":"if","locations":[{"start":{"line":35,"column":73},"end":{"line":35,"column":73}},{"start":{"line":35,"column":73},"end":{"line":35,"column":73}}]},"8":{"line":41,"type":"if","locations":[{"start":{"line":41,"column":55},"end":{"line":41,"column":55}},{"start":{"line":41,"column":55},"end":{"line":41,"column":55}}]},"9":{"line":48,"type":"if","locations":[{"start":{"line":48,"column":8},"end":{"line":48,"column":8}},{"start":{"line":48,"column":8},"end":{"line":48,"column":8}}]},"10":{"line":68,"type":"if","locations":[{"start":{"line":68,"column":28},"end":{"line":68,"column":28}},{"start":{"line":68,"column":28},"end":{"line":68,"column":28}}]},"11":{"line":70,"type":"if","locations":[{"start":{"line":70,"column":36},"end":{"line":70,"column":36}},{"start":{"line":70,"column":36},"end":{"line":70,"column":36}}]},"12":{"line":77,"type":"if","locations":[{"start":{"line":77,"column":24},"end":{"line":77,"column":24}},{"start":{"line":77,"column":24},"end":{"line":77,"column":24}}]},"13":{"line":80,"type":"if","locations":[{"start":{"line":80,"column":16},"end":{"line":80,"column":16}},{"start":{"line":80,"column":16},"end":{"line":80,"column":16}}]},"14":{"line":82,"type":"if","locations":[{"start":{"line":82,"column":12},"end":{"line":82,"column":12}},{"start":{"line":82,"column":12},"end":{"line":82,"column":12}}]}}},"contracts\\facets\\RolesFacet.sol":{"l":{"13":1,"14":1,"18":0,"19":0,"23":0,"24":0,"25":0,"26":0,"30":0,"34":1,"35":1,"39":1,"43":0,"44":0,"45":0},"path":"C:\\Users\\Fernando\\Documents\\solidity\\alastria\\T-REX\\migracion-t-rex-diamond\\contracts\\facets\\RolesFacet.sol","s":{"1":1,"2":0,"3":0,"4":0,"5":0,"6":0,"7":1,"8":1,"9":0,"10":0},"b":{"1":[1,0],"2":[0,1],"3":[0,0],"4":[0,0],"5":[1,0],"6":[0,0],"7":[0,0]},"f":{"1":1,"2":0,"3":0,"4":0,"5":1,"6":1,"7":0},"fnMap":{"1":{"name":"onlyOwner","line":12,"loc":{"start":{"line":12,"column":4},"end":{"line":15,"column":4}}},"2":{"name":"initializeRoles","line":17,"loc":{"start":{"line":17,"column":4},"end":{"line":20,"column":4}}},"3":{"name":"transferOwnership","line":22,"loc":{"start":{"line":22,"column":4},"end":{"line":27,"column":4}}},"4":{"name":"owner","line":29,"loc":{"start":{"line":29,"column":4},"end":{"line":31,"column":4}}},"5":{"name":"setAgent","line":33,"loc":{"start":{"line":33,"column":4},"end":{"line":36,"column":4}}},"6":{"name":"isAgent","line":38,"loc":{"start":{"line":38,"column":4},"end":{"line":40,"column":4}}},"7":{"name":"onlyAgentOrOwner","line":42,"loc":{"start":{"line":42,"column":4},"end":{"line":46,"column":4}}}},"statementMap":{"1":{"start":{"line":13,"column":8},"end":{"line":13,"column":91}},"2":{"start":{"line":19,"column":8},"end":{"line":19,"column":53}},"3":{"start":{"line":23,"column":8},"end":{"line":23,"column":84}},"4":{"start":{"line":24,"column":8},"end":{"line":24,"column":61}},"5":{"start":{"line":25,"column":8},"end":{"line":25,"column":53}},"6":{"start":{"line":30,"column":8},"end":{"line":30,"column":51}},"7":{"start":{"line":35,"column":8},"end":{"line":35,"column":38}},"8":{"start":{"line":39,"column":8},"end":{"line":39,"column":59}},"9":{"start":{"line":43,"column":8},"end":{"line":43,"column":61}},"10":{"start":{"line":44,"column":8},"end":{"line":44,"column":91}}},"branchMap":{"1":{"line":13,"type":"if","locations":[{"start":{"line":13,"column":8},"end":{"line":13,"column":8}},{"start":{"line":13,"column":8},"end":{"line":13,"column":8}}]},"2":{"line":17,"type":"if","locations":[{"start":{"line":17,"column":54},"end":{"line":17,"column":54}},{"start":{"line":17,"column":54},"end":{"line":17,"column":54}}]},"3":{"line":22,"type":"if","locations":[{"start":{"line":22,"column":59},"end":{"line":22,"column":59}},{"start":{"line":22,"column":59},"end":{"line":22,"column":59}}]},"4":{"line":23,"type":"if","locations":[{"start":{"line":23,"column":8},"end":{"line":23,"column":8}},{"start":{"line":23,"column":8},"end":{"line":23,"column":8}}]},"5":{"line":33,"type":"if","locations":[{"start":{"line":33,"column":61},"end":{"line":33,"column":61}},{"start":{"line":33,"column":61},"end":{"line":33,"column":61}}]},"6":{"line":44,"type":"if","locations":[{"start":{"line":44,"column":8},"end":{"line":44,"column":8}},{"start":{"line":44,"column":8},"end":{"line":44,"column":8}}]},"7":{"line":44,"type":"cond-expr","locations":[{"start":{"line":44,"column":16},"end":{"line":44,"column":36}},{"start":{"line":44,"column":41},"end":{"line":44,"column":60}}]}}},"contracts\\facets\\TokenFacet.sol":{"l":{"13":1,"14":1,"15":1,"19":0,"23":0,"27":0,"31":0,"35":3,"39":1,"40":1,"44":0,"45":0,"46":0,"47":0,"51":0,"52":0,"53":0,"54":0,"55":0,"56":0,"60":0,"64":1,"65":1,"66":1,"67":1,"71":0,"72":0,"73":0,"74":0,"75":0,"79":0,"83":0,"84":0,"88":0,"89":0,"93":1,"94":1,"95":1,"96":1,"97":1,"98":1,"99":1},"path":"C:\\Users\\Fernando\\Documents\\solidity\\alastria\\T-REX\\migracion-t-rex-diamond\\contracts\\facets\\TokenFacet.sol","s":{"1":1,"2":1,"3":0,"4":0,"5":0,"6":0,"7":3,"8":1,"9":1,"10":0,"11":0,"12":0,"13":0,"14":0,"15":0,"16":0,"17":0,"18":0,"19":1,"20":1,"21":0,"22":0,"23":0,"24":0,"25":0,"26":0,"27":1,"28":1,"29":1,"30":1,"31":1},"b":{"1":[1,0],"2":[0,1],"3":[0,0],"4":[1,0],"5":[0,0],"6":[0,0],"7":[0,0],"8":[0,0],"9":[0,0],"10":[1,0],"11":[1,0],"12":[1,0]},"f":{"1":1,"2":0,"3":0,"4":0,"5":0,"6":3,"7":1,"8":0,"9":0,"10":0,"11":1,"12":0,"13":0,"14":0,"15":0,"16":1},"fnMap":{"1":{"name":"onlyAgentOrOwner","line":12,"loc":{"start":{"line":12,"column":4},"end":{"line":16,"column":4}}},"2":{"name":"name","line":18,"loc":{"start":{"line":18,"column":4},"end":{"line":20,"column":4}}},"3":{"name":"symbol","line":22,"loc":{"start":{"line":22,"column":4},"end":{"line":24,"column":4}}},"4":{"name":"decimals","line":26,"loc":{"start":{"line":26,"column":4},"end":{"line":28,"column":4}}},"5":{"name":"totalSupply","line":30,"loc":{"start":{"line":30,"column":4},"end":{"line":32,"column":4}}},"6":{"name":"balanceOf","line":34,"loc":{"start":{"line":34,"column":4},"end":{"line":36,"column":4}}},"7":{"name":"transfer","line":38,"loc":{"start":{"line":38,"column":4},"end":{"line":41,"column":4}}},"8":{"name":"approve","line":43,"loc":{"start":{"line":43,"column":4},"end":{"line":48,"column":4}}},"9":{"name":"transferFrom","line":50,"loc":{"start":{"line":50,"column":4},"end":{"line":57,"column":4}}},"10":{"name":"allowance","line":59,"loc":{"start":{"line":59,"column":4},"end":{"line":61,"column":4}}},"11":{"name":"mint","line":63,"loc":{"start":{"line":63,"column":4},"end":{"line":68,"column":4}}},"12":{"name":"burn","line":70,"loc":{"start":{"line":70,"column":4},"end":{"line":76,"column":4}}},"13":{"name":"forceTransfer","line":78,"loc":{"start":{"line":78,"column":4},"end":{"line":80,"column":4}}},"14":{"name":"freezeAccount","line":82,"loc":{"start":{"line":82,"column":4},"end":{"line":85,"column":4}}},"15":{"name":"unfreezeAccount","line":87,"loc":{"start":{"line":87,"column":4},"end":{"line":90,"column":4}}},"16":{"name":"_transfer","line":92,"loc":{"start":{"line":92,"column":4},"end":{"line":100,"column":4}}}},"statementMap":{"1":{"start":{"line":13,"column":8},"end":{"line":13,"column":61}},"2":{"start":{"line":14,"column":8},"end":{"line":14,"column":91}},"3":{"start":{"line":19,"column":8},"end":{"line":19,"column":50}},"4":{"start":{"line":23,"column":8},"end":{"line":23,"column":52}},"5":{"start":{"line":27,"column":8},"end":{"line":27,"column":17}},"6":{"start":{"line":31,"column":8},"end":{"line":31,"column":57}},"7":{"start":{"line":35,"column":8},"end":{"line":35,"column":63}},"8":{"start":{"line":39,"column":8},"end":{"line":39,"column":40}},"9":{"start":{"line":40,"column":8},"end":{"line":40,"column":19}},"10":{"start":{"line":44,"column":8},"end":{"line":44,"column":61}},"11":{"start":{"line":46,"column":8},"end":{"line":46,"column":50}},"12":{"start":{"line":47,"column":8},"end":{"line":47,"column":19}},"13":{"start":{"line":51,"column":8},"end":{"line":51,"column":61}},"14":{"start":{"line":52,"column":8},"end":{"line":52,"column":56}},"15":{"start":{"line":53,"column":8},"end":{"line":53,"column":67}},"16":{"start":{"line":55,"column":8},"end":{"line":55,"column":34}},"17":{"start":{"line":56,"column":8},"end":{"line":56,"column":19}},"18":{"start":{"line":60,"column":8},"end":{"line":60,"column":73}},"19":{"start":{"line":64,"column":8},"end":{"line":64,"column":61}},"20":{"start":{"line":67,"column":8},"end":{"line":67,"column":45}},"21":{"start":{"line":71,"column":8},"end":{"line":71,"column":61}},"22":{"start":{"line":72,"column":8},"end":{"line":72,"column":85}},"23":{"start":{"line":75,"column":8},"end":{"line":75,"column":47}},"24":{"start":{"line":79,"column":8},"end":{"line":79,"column":34}},"25":{"start":{"line":84,"column":8},"end":{"line":84,"column":38}},"26":{"start":{"line":89,"column":8},"end":{"line":89,"column":39}},"27":{"start":{"line":93,"column":8},"end":{"line":93,"column":61}},"28":{"start":{"line":94,"column":8},"end":{"line":94,"column":72}},"29":{"start":{"line":95,"column":8},"end":{"line":95,"column":72}},"30":{"start":{"line":96,"column":8},"end":{"line":96,"column":78}},"31":{"start":{"line":99,"column":8},"end":{"line":99,"column":39}}},"branchMap":{"1":{"line":14,"type":"if","locations":[{"start":{"line":14,"column":8},"end":{"line":14,"column":8}},{"start":{"line":14,"column":8},"end":{"line":14,"column":8}}]},"2":{"line":14,"type":"cond-expr","locations":[{"start":{"line":14,"column":16},"end":{"line":14,"column":36}},{"start":{"line":14,"column":41},"end":{"line":14,"column":60}}]},"3":{"line":53,"type":"if","locations":[{"start":{"line":53,"column":8},"end":{"line":53,"column":8}},{"start":{"line":53,"column":8},"end":{"line":53,"column":8}}]},"4":{"line":63,"type":"if","locations":[{"start":{"line":63,"column":55},"end":{"line":63,"column":55}},{"start":{"line":63,"column":55},"end":{"line":63,"column":55}}]},"5":{"line":70,"type":"if","locations":[{"start":{"line":70,"column":57},"end":{"line":70,"column":57}},{"start":{"line":70,"column":57},"end":{"line":70,"column":57}}]},"6":{"line":72,"type":"if","locations":[{"start":{"line":72,"column":8},"end":{"line":72,"column":8}},{"start":{"line":72,"column":8},"end":{"line":72,"column":8}}]},"7":{"line":78,"type":"if","locations":[{"start":{"line":78,"column":78},"end":{"line":78,"column":78}},{"start":{"line":78,"column":78},"end":{"line":78,"column":78}}]},"8":{"line":82,"type":"if","locations":[{"start":{"line":82,"column":50},"end":{"line":82,"column":50}},{"start":{"line":82,"column":50},"end":{"line":82,"column":50}}]},"9":{"line":87,"type":"if","locations":[{"start":{"line":87,"column":52},"end":{"line":87,"column":52}},{"start":{"line":87,"column":52},"end":{"line":87,"column":52}}]},"10":{"line":94,"type":"if","locations":[{"start":{"line":94,"column":8},"end":{"line":94,"column":8}},{"start":{"line":94,"column":8},"end":{"line":94,"column":8}}]},"11":{"line":95,"type":"if","locations":[{"start":{"line":95,"column":8},"end":{"line":95,"column":8}},{"start":{"line":95,"column":8},"end":{"line":95,"column":8}}]},"12":{"line":96,"type":"if","locations":[{"start":{"line":96,"column":8},"end":{"line":96,"column":8}},{"start":{"line":96,"column":8},"end":{"line":96,"column":8}}]}}},"contracts\\facets\\TrustedIssuersFacet.sol":{"l":{"11":0,"12":0,"16":0,"17":0,"18":0,"22":0,"23":0,"24":0,"25":0,"26":0,"27":0,"28":0,"29":0,"35":0},"path":"C:\\Users\\Fernando\\Documents\\solidity\\alastria\\T-REX\\migracion-t-rex-diamond\\contracts\\facets\\TrustedIssuersFacet.sol","s":{"1":0,"2":0,"3":0,"4":0,"5":0,"6":0,"7":0,"8":0,"9":0,"10":0,"11":0},"b":{"1":[0,0],"2":[0,0],"3":[0,0],"4":[0,0]},"f":{"1":0,"2":0,"3":0,"4":0},"fnMap":{"1":{"name":"onlyOwner","line":10,"loc":{"start":{"line":10,"column":4},"end":{"line":13,"column":4}}},"2":{"name":"addTrustedIssuer","line":15,"loc":{"start":{"line":15,"column":4},"end":{"line":19,"column":4}}},"3":{"name":"removeTrustedIssuer","line":21,"loc":{"start":{"line":21,"column":4},"end":{"line":32,"column":4}}},"4":{"name":"getTrustedIssuers","line":34,"loc":{"start":{"line":34,"column":4},"end":{"line":36,"column":4}}}},"statementMap":{"1":{"start":{"line":11,"column":8},"end":{"line":11,"column":79}},"2":{"start":{"line":16,"column":8},"end":{"line":16,"column":61}},"3":{"start":{"line":17,"column":8},"end":{"line":17,"column":47}},"4":{"start":{"line":18,"column":8},"end":{"line":18,"column":47}},"5":{"start":{"line":22,"column":8},"end":{"line":22,"column":61}},"6":{"start":{"line":23,"column":8},"end":{"line":23,"column":56}},"7":{"start":{"line":24,"column":8},"end":{"line":24,"column":972}},"8":{"start":{"line":25,"column":12},"end":{"line":25,"column":1030}},"9":{"start":{"line":27,"column":16},"end":{"line":27,"column":25}},"10":{"start":{"line":28,"column":16},"end":{"line":28,"column":49}},"11":{"start":{"line":35,"column":8},"end":{"line":35,"column":67}}},"branchMap":{"1":{"line":11,"type":"if","locations":[{"start":{"line":11,"column":8},"end":{"line":11,"column":8}},{"start":{"line":11,"column":8},"end":{"line":11,"column":8}}]},"2":{"line":15,"type":"if","locations":[{"start":{"line":15,"column":82},"end":{"line":15,"column":82}},{"start":{"line":15,"column":82},"end":{"line":15,"column":82}}]},"3":{"line":21,"type":"if","locations":[{"start":{"line":21,"column":73},"end":{"line":21,"column":73}},{"start":{"line":21,"column":73},"end":{"line":21,"column":73}}]},"4":{"line":25,"type":"if","locations":[{"start":{"line":25,"column":12},"end":{"line":25,"column":12}},{"start":{"line":25,"column":12},"end":{"line":25,"column":12}}]}}},"contracts\\InitDiamond.sol":{"l":{"12":1,"15":1,"16":1,"17":1},"path":"C:\\Users\\Fernando\\Documents\\solidity\\alastria\\T-REX\\migracion-t-rex-diamond\\contracts\\InitDiamond.sol","s":{},"b":{"1":[1,0]},"f":{"1":1},"fnMap":{"1":{"name":"init","line":10,"loc":{"start":{"line":10,"column":4},"end":{"line":18,"column":4}}}},"statementMap":{},"branchMap":{"1":{"line":10,"type":"if","locations":[{"start":{"line":10,"column":29},"end":{"line":10,"column":29}},{"start":{"line":10,"column":29},"end":{"line":10,"column":29}}]}}},"contracts\\interfaces\\IDiamondCut.sol":{"l":{},"path":"C:\\Users\\Fernando\\Documents\\solidity\\alastria\\T-REX\\migracion-t-rex-diamond\\contracts\\interfaces\\IDiamondCut.sol","s":{},"b":{},"f":{},"fnMap":{},"statementMap":{},"branchMap":{}},"contracts\\libraries\\LibAppStorage.sol":{"l":{"10":20,"11":20},"path":"C:\\Users\\Fernando\\Documents\\solidity\\alastria\\T-REX\\migracion-t-rex-diamond\\contracts\\libraries\\LibAppStorage.sol","s":{"1":20},"b":{},"f":{"1":20},"fnMap":{"1":{"name":"diamondStorage","line":9,"loc":{"start":{"line":9,"column":4},"end":{"line":14,"column":4}}}},"statementMap":{"1":{"start":{"line":10,"column":8},"end":{"line":10,"column":42}}},"branchMap":{}},"contracts\\libraries\\LibDiamond.sol":{"l":{"27":28,"28":28,"34":1,"35":1,"39":1,"47":2,"48":5,"49":5,"50":5,"51":5,"53":5,"54":5,"55":25,"56":25,"62":0,"66":2,"67":1,"68":1},"path":"C:\\Users\\Fernando\\Documents\\solidity\\alastria\\T-REX\\migracion-t-rex-diamond\\contracts\\libraries\\LibDiamond.sol","s":{"1":28,"2":1,"3":1,"4":2,"5":5,"6":5,"7":5,"8":5,"9":5,"10":5,"11":25,"12":0,"13":2,"14":1,"15":1},"b":{"1":[1,0],"2":[5,0],"3":[5,0],"4":[1,1],"5":[1,0]},"f":{"1":28,"2":1,"3":1,"4":2},"fnMap":{"1":{"name":"diamondStorage","line":26,"loc":{"start":{"line":26,"column":4},"end":{"line":31,"column":4}}},"2":{"name":"setContractOwner","line":33,"loc":{"start":{"line":33,"column":4},"end":{"line":36,"column":4}}},"3":{"name":"enforceIsContractOwner","line":38,"loc":{"start":{"line":38,"column":4},"end":{"line":40,"column":4}}},"4":{"name":"diamondCut","line":42,"loc":{"start":{"line":42,"column":4},"end":{"line":70,"column":4}}}},"statementMap":{"1":{"start":{"line":27,"column":8},"end":{"line":27,"column":51}},"2":{"start":{"line":34,"column":8},"end":{"line":34,"column":52}},"3":{"start":{"line":39,"column":8},"end":{"line":39,"column":98}},"4":{"start":{"line":47,"column":8},"end":{"line":47,"column":1498}},"5":{"start":{"line":48,"column":12},"end":{"line":48,"column":71}},"6":{"start":{"line":49,"column":12},"end":{"line":49,"column":64}},"7":{"start":{"line":50,"column":12},"end":{"line":50,"column":82}},"8":{"start":{"line":51,"column":12},"end":{"line":51,"column":85}},"9":{"start":{"line":53,"column":12},"end":{"line":53,"column":1899}},"10":{"start":{"line":54,"column":16},"end":{"line":54,"column":1968}},"11":{"start":{"line":55,"column":20},"end":{"line":55,"column":70}},"12":{"start":{"line":62,"column":16},"end":{"line":62,"column":55}},"13":{"start":{"line":66,"column":8},"end":{"line":66,"column":2513}},"14":{"start":{"line":67,"column":12},"end":{"line":67,"column":78}},"15":{"start":{"line":68,"column":12},"end":{"line":68,"column":42}}},"branchMap":{"1":{"line":39,"type":"if","locations":[{"start":{"line":39,"column":8},"end":{"line":39,"column":8}},{"start":{"line":39,"column":8},"end":{"line":39,"column":8}}]},"2":{"line":51,"type":"if","locations":[{"start":{"line":51,"column":12},"end":{"line":51,"column":12}},{"start":{"line":51,"column":12},"end":{"line":51,"column":12}}]},"3":{"line":53,"type":"if","locations":[{"start":{"line":53,"column":12},"end":{"line":53,"column":12}},{"start":{"line":53,"column":12},"end":{"line":53,"column":12}}]},"4":{"line":66,"type":"if","locations":[{"start":{"line":66,"column":8},"end":{"line":66,"column":8}},{"start":{"line":66,"column":8},"end":{"line":66,"column":8}}]},"5":{"line":68,"type":"if","locations":[{"start":{"line":68,"column":12},"end":{"line":68,"column":12}},{"start":{"line":68,"column":12},"end":{"line":68,"column":12}}]}}},"contracts\\storage\\AppStorage.sol":{"l":{},"path":"C:\\Users\\Fernando\\Documents\\solidity\\alastria\\T-REX\\migracion-t-rex-diamond\\contracts\\storage\\AppStorage.sol","s":{},"b":{},"f":{},"fnMap":{},"statementMap":{},"branchMap":{}}}