{"contracts\\Beacon\\__CompileBeacon.sol":{"l":{},"path":"C:\\Users\\Fernando\\Documents\\solidity\\alastria\\security-tokens-versions\\contracts\\Beacon\\__CompileBeacon.sol","s":{},"b":{},"f":{},"fnMap":{},"statementMap":{},"branchMap":{}},"contracts\\Beacon\\SecurityBondFactory.sol":{"l":{"71":1,"72":1,"90":2,"93":2,"94":2,"97":2,"98":2,"101":2,"102":2,"104":2,"105":2,"118":0,"119":0,"128":0,"137":0,"146":0,"147":0,"148":0,"150":0,"164":0,"166":0,"167":0,"170":0,"171":0,"172":0,"175":0,"176":0,"177":0,"180":0,"188":0,"197":0,"198":0},"path":"C:\\Users\\Fernando\\Documents\\solidity\\alastria\\security-tokens-versions\\contracts\\Beacon\\SecurityBondFactory.sol","s":{"1":1,"2":2,"3":2,"4":2,"5":2,"6":2,"7":0,"8":0,"9":0,"10":0,"11":0,"12":0,"13":0,"14":0,"15":0,"16":0,"17":0,"18":0,"19":0,"20":0,"21":0},"b":{"1":[0,1],"2":[2,0],"3":[0,2],"4":[0,0],"5":[0,0],"6":[0,0]},"f":{"1":1,"2":2,"3":0,"4":0,"5":0,"6":0,"7":0,"8":0,"9":0},"fnMap":{"1":{"name":"constructor","line":70,"loc":{"start":{"line":70,"column":4},"end":{"line":73,"column":4}}},"2":{"name":"createBond","line":89,"loc":{"start":{"line":86,"column":4},"end":{"line":106,"column":4}}},"3":{"name":"getBondByIndex","line":117,"loc":{"start":{"line":117,"column":4},"end":{"line":120,"column":4}}},"4":{"name":"getBondsCountByBeneficiary","line":127,"loc":{"start":{"line":127,"column":4},"end":{"line":129,"column":4}}},"5":{"name":"getBondIndex","line":136,"loc":{"start":{"line":136,"column":4},"end":{"line":138,"column":4}}},"6":{"name":"getAllBonds","line":145,"loc":{"start":{"line":145,"column":4},"end":{"line":151,"column":4}}},"7":{"name":"getBondsPaginated","line":160,"loc":{"start":{"line":160,"column":4},"end":{"line":181,"column":4}}},"8":{"name":"version","line":187,"loc":{"start":{"line":187,"column":4},"end":{"line":189,"column":4}}},"9":{"name":"isBondCreatedByFactory","line":196,"loc":{"start":{"line":196,"column":4},"end":{"line":199,"column":4}}}},"statementMap":{"1":{"start":{"line":71,"column":8},"end":{"line":71,"column":64}},"2":{"start":{"line":90,"column":8},"end":{"line":90,"column":73}},"3":{"start":{"line":93,"column":8},"end":{"line":93,"column":61}},"4":{"start":{"line":94,"column":8},"end":{"line":94,"column":45}},"5":{"start":{"line":104,"column":8},"end":{"line":104,"column":76}},"6":{"start":{"line":105,"column":8},"end":{"line":105,"column":27}},"7":{"start":{"line":118,"column":8},"end":{"line":118,"column":76}},"8":{"start":{"line":119,"column":8},"end":{"line":119,"column":35}},"9":{"start":{"line":128,"column":8},"end":{"line":128,"column":60}},"10":{"start":{"line":137,"column":8},"end":{"line":137,"column":48}},"11":{"start":{"line":147,"column":8},"end":{"line":147,"column":6134}},"12":{"start":{"line":150,"column":8},"end":{"line":150,"column":20}},"13":{"start":{"line":166,"column":8},"end":{"line":166,"column":6800}},"14":{"start":{"line":167,"column":12},"end":{"line":167,"column":44}},"15":{"start":{"line":170,"column":8},"end":{"line":170,"column":36}},"16":{"start":{"line":171,"column":8},"end":{"line":171,"column":6931}},"17":{"start":{"line":176,"column":8},"end":{"line":176,"column":7044}},"18":{"start":{"line":180,"column":8},"end":{"line":180,"column":29}},"19":{"start":{"line":188,"column":8},"end":{"line":188,"column":22}},"20":{"start":{"line":197,"column":8},"end":{"line":197,"column":57}},"21":{"start":{"line":198,"column":8},"end":{"line":198,"column":81}}},"branchMap":{"1":{"line":71,"type":"if","locations":[{"start":{"line":71,"column":8},"end":{"line":71,"column":8}},{"start":{"line":71,"column":8},"end":{"line":71,"column":8}}]},"2":{"line":89,"type":"if","locations":[{"start":{"line":89,"column":15},"end":{"line":89,"column":15}},{"start":{"line":89,"column":15},"end":{"line":89,"column":15}}]},"3":{"line":90,"type":"if","locations":[{"start":{"line":90,"column":8},"end":{"line":90,"column":8}},{"start":{"line":90,"column":8},"end":{"line":90,"column":8}}]},"4":{"line":118,"type":"if","locations":[{"start":{"line":118,"column":8},"end":{"line":118,"column":8}},{"start":{"line":118,"column":8},"end":{"line":118,"column":8}}]},"5":{"line":166,"type":"if","locations":[{"start":{"line":166,"column":8},"end":{"line":166,"column":8}},{"start":{"line":166,"column":8},"end":{"line":166,"column":8}}]},"6":{"line":171,"type":"if","locations":[{"start":{"line":171,"column":8},"end":{"line":171,"column":8}},{"start":{"line":171,"column":8},"end":{"line":171,"column":8}}]}}},"contracts\\Diamond\\AdminFacet.sol":{"l":{"64":15,"65":15,"66":0,"68":15,"74":16,"75":16,"87":1,"88":1,"96":1,"97":1,"105":2,"122":8,"123":8,"136":1,"137":1,"146":2,"163":2,"164":2,"177":2,"178":2,"187":2,"203":2,"204":2,"205":1,"208":1,"209":1,"222":1,"223":1,"224":0,"227":1,"228":1,"238":5,"247":0,"262":0,"263":0,"265":0,"266":0,"268":0,"281":0,"282":0,"284":0,"285":0,"287":0},"path":"C:\\Users\\Fernando\\Documents\\solidity\\alastria\\security-tokens-versions\\contracts\\Diamond\\AdminFacet.sol","s":{"1":15,"2":15,"3":16,"4":1,"5":1,"6":2,"7":8,"8":1,"9":2,"10":2,"11":2,"12":2,"13":2,"14":2,"15":1,"16":1,"17":1,"18":1,"19":5,"20":0,"21":0,"22":0,"23":0,"24":0,"25":0,"26":0},"b":{"1":[0,15],"2":[0,16],"3":[1,0],"4":[1,0],"5":[8,0],"6":[8,0],"7":[1,0],"8":[1,0],"9":[2,0],"10":[2,0],"11":[2,0],"12":[2,0],"13":[2,0],"14":[1,1],"15":[1,0],"16":[0,1]},"f":{"1":15,"2":16,"3":1,"4":1,"5":2,"6":8,"7":1,"8":2,"9":2,"10":2,"11":2,"12":2,"13":1,"14":5,"15":0,"16":0,"17":0},"fnMap":{"1":{"name":"onlyRole","line":63,"loc":{"start":{"line":63,"column":4},"end":{"line":69,"column":4}}},"2":{"name":"validAccount","line":73,"loc":{"start":{"line":73,"column":4},"end":{"line":76,"column":4}}},"3":{"name":"pause","line":86,"loc":{"start":{"line":86,"column":4},"end":{"line":89,"column":4}}},"4":{"name":"unpause","line":95,"loc":{"start":{"line":95,"column":4},"end":{"line":98,"column":4}}},"5":{"name":"paused","line":104,"loc":{"start":{"line":104,"column":4},"end":{"line":106,"column":4}}},"6":{"name":"addToWhitelist","line":120,"loc":{"start":{"line":117,"column":4},"end":{"line":124,"column":4}}},"7":{"name":"removeFromWhitelist","line":134,"loc":{"start":{"line":131,"column":4},"end":{"line":138,"column":4}}},"8":{"name":"isWhitelisted","line":145,"loc":{"start":{"line":145,"column":4},"end":{"line":147,"column":4}}},"9":{"name":"addToBlacklist","line":161,"loc":{"start":{"line":158,"column":4},"end":{"line":165,"column":4}}},"10":{"name":"removeFromBlacklist","line":175,"loc":{"start":{"line":172,"column":4},"end":{"line":179,"column":4}}},"11":{"name":"isBlacklisted","line":186,"loc":{"start":{"line":186,"column":4},"end":{"line":188,"column":4}}},"12":{"name":"grantRole","line":201,"loc":{"start":{"line":199,"column":4},"end":{"line":210,"column":4}}},"13":{"name":"revokeRole","line":220,"loc":{"start":{"line":218,"column":4},"end":{"line":229,"column":4}}},"14":{"name":"hasRole","line":237,"loc":{"start":{"line":237,"column":4},"end":{"line":239,"column":4}}},"15":{"name":"getRoleAdmin","line":246,"loc":{"start":{"line":246,"column":4},"end":{"line":248,"column":4}}},"16":{"name":"batchIsWhitelisted","line":257,"loc":{"start":{"line":257,"column":4},"end":{"line":269,"column":4}}},"17":{"name":"batchIsBlacklisted","line":276,"loc":{"start":{"line":276,"column":4},"end":{"line":288,"column":4}}}},"statementMap":{"1":{"start":{"line":64,"column":8},"end":{"line":64,"column":99}},"2":{"start":{"line":65,"column":8},"end":{"line":65,"column":2881}},"3":{"start":{"line":74,"column":8},"end":{"line":74,"column":65}},"4":{"start":{"line":88,"column":8},"end":{"line":88,"column":31}},"5":{"start":{"line":97,"column":8},"end":{"line":97,"column":33}},"6":{"start":{"line":105,"column":8},"end":{"line":105,"column":61}},"7":{"start":{"line":123,"column":8},"end":{"line":123,"column":48}},"8":{"start":{"line":137,"column":8},"end":{"line":137,"column":50}},"9":{"start":{"line":146,"column":8},"end":{"line":146,"column":73}},"10":{"start":{"line":164,"column":8},"end":{"line":164,"column":48}},"11":{"start":{"line":178,"column":8},"end":{"line":178,"column":50}},"12":{"start":{"line":187,"column":8},"end":{"line":187,"column":73}},"13":{"start":{"line":203,"column":8},"end":{"line":203,"column":99}},"14":{"start":{"line":204,"column":8},"end":{"line":204,"column":8193}},"15":{"start":{"line":209,"column":8},"end":{"line":209,"column":51}},"16":{"start":{"line":222,"column":8},"end":{"line":222,"column":99}},"17":{"start":{"line":223,"column":8},"end":{"line":223,"column":8921}},"18":{"start":{"line":228,"column":8},"end":{"line":228,"column":51}},"19":{"start":{"line":238,"column":8},"end":{"line":238,"column":75}},"20":{"start":{"line":247,"column":8},"end":{"line":247,"column":71}},"21":{"start":{"line":263,"column":8},"end":{"line":263,"column":99}},"22":{"start":{"line":265,"column":8},"end":{"line":265,"column":10605}},"23":{"start":{"line":268,"column":8},"end":{"line":268,"column":23}},"24":{"start":{"line":282,"column":8},"end":{"line":282,"column":99}},"25":{"start":{"line":284,"column":8},"end":{"line":284,"column":11266}},"26":{"start":{"line":287,"column":8},"end":{"line":287,"column":23}}},"branchMap":{"1":{"line":65,"type":"if","locations":[{"start":{"line":65,"column":8},"end":{"line":65,"column":8}},{"start":{"line":65,"column":8},"end":{"line":65,"column":8}}]},"2":{"line":74,"type":"if","locations":[{"start":{"line":74,"column":8},"end":{"line":74,"column":8}},{"start":{"line":74,"column":8},"end":{"line":74,"column":8}}]},"3":{"line":86,"type":"if","locations":[{"start":{"line":86,"column":30},"end":{"line":86,"column":30}},{"start":{"line":86,"column":30},"end":{"line":86,"column":30}}]},"4":{"line":95,"type":"if","locations":[{"start":{"line":95,"column":32},"end":{"line":95,"column":32}},{"start":{"line":95,"column":32},"end":{"line":95,"column":32}}]},"5":{"line":119,"type":"if","locations":[{"start":{"line":119,"column":8},"end":{"line":119,"column":8}},{"start":{"line":119,"column":8},"end":{"line":119,"column":8}}]},"6":{"line":120,"type":"if","locations":[{"start":{"line":120,"column":8},"end":{"line":120,"column":8}},{"start":{"line":120,"column":8},"end":{"line":120,"column":8}}]},"7":{"line":133,"type":"if","locations":[{"start":{"line":133,"column":8},"end":{"line":133,"column":8}},{"start":{"line":133,"column":8},"end":{"line":133,"column":8}}]},"8":{"line":134,"type":"if","locations":[{"start":{"line":134,"column":8},"end":{"line":134,"column":8}},{"start":{"line":134,"column":8},"end":{"line":134,"column":8}}]},"9":{"line":160,"type":"if","locations":[{"start":{"line":160,"column":8},"end":{"line":160,"column":8}},{"start":{"line":160,"column":8},"end":{"line":160,"column":8}}]},"10":{"line":161,"type":"if","locations":[{"start":{"line":161,"column":8},"end":{"line":161,"column":8}},{"start":{"line":161,"column":8},"end":{"line":161,"column":8}}]},"11":{"line":174,"type":"if","locations":[{"start":{"line":174,"column":8},"end":{"line":174,"column":8}},{"start":{"line":174,"column":8},"end":{"line":174,"column":8}}]},"12":{"line":175,"type":"if","locations":[{"start":{"line":175,"column":8},"end":{"line":175,"column":8}},{"start":{"line":175,"column":8},"end":{"line":175,"column":8}}]},"13":{"line":201,"type":"if","locations":[{"start":{"line":201,"column":8},"end":{"line":201,"column":8}},{"start":{"line":201,"column":8},"end":{"line":201,"column":8}}]},"14":{"line":204,"type":"if","locations":[{"start":{"line":204,"column":8},"end":{"line":204,"column":8}},{"start":{"line":204,"column":8},"end":{"line":204,"column":8}}]},"15":{"line":220,"type":"if","locations":[{"start":{"line":220,"column":8},"end":{"line":220,"column":8}},{"start":{"line":220,"column":8},"end":{"line":220,"column":8}}]},"16":{"line":223,"type":"if","locations":[{"start":{"line":223,"column":8},"end":{"line":223,"column":8}},{"start":{"line":223,"column":8},"end":{"line":223,"column":8}}]}}},"contracts\\Diamond\\ComplianceFacet.sol":{"l":{"46":2,"47":2,"48":1,"50":1,"61":2,"69":2,"77":2,"85":2,"98":2,"106":5,"121":0,"122":0,"124":0,"125":0,"128":0,"129":0,"130":0,"133":0,"134":0,"136":0,"137":0,"152":0,"155":0,"156":0,"157":0,"158":0,"159":0,"164":0,"165":0,"166":0,"167":0,"168":0,"169":0,"170":0,"184":1,"185":1,"187":1,"188":0,"191":1,"192":0,"196":1,"197":1,"200":1,"201":1,"219":2,"227":4,"235":2,"243":1,"255":0,"276":0,"277":0},"path":"C:\\Users\\Fernando\\Documents\\solidity\\alastria\\security-tokens-versions\\contracts\\Diamond\\ComplianceFacet.sol","s":{"1":2,"2":2,"3":2,"4":2,"5":2,"6":2,"7":2,"8":5,"9":0,"10":0,"11":0,"12":0,"13":0,"14":0,"15":0,"16":0,"17":0,"18":0,"19":0,"20":0,"21":0,"22":0,"23":0,"24":0,"25":1,"26":1,"27":1,"28":1,"29":2,"30":4,"31":2,"32":1,"33":0,"34":0,"35":0},"b":{"1":[1,1],"2":[0,0],"3":[0,0],"4":[0,0],"5":[0,0],"6":[0,0],"7":[0,0],"8":[1,1],"9":[0,1],"10":[0,0],"11":[0,1]},"f":{"1":2,"2":2,"3":2,"4":2,"5":2,"6":2,"7":5,"8":0,"9":0,"10":1,"11":2,"12":4,"13":2,"14":1,"15":0,"16":0},"fnMap":{"1":{"name":"onlyRole","line":45,"loc":{"start":{"line":45,"column":4},"end":{"line":51,"column":4}}},"2":{"name":"isin","line":60,"loc":{"start":{"line":60,"column":4},"end":{"line":62,"column":4}}},"3":{"name":"instrumentType","line":68,"loc":{"start":{"line":68,"column":4},"end":{"line":70,"column":4}}},"4":{"name":"jurisdiction","line":76,"loc":{"start":{"line":76,"column":4},"end":{"line":78,"column":4}}},"5":{"name":"cap","line":84,"loc":{"start":{"line":84,"column":4},"end":{"line":86,"column":4}}},"6":{"name":"getTransactionRecord","line":97,"loc":{"start":{"line":97,"column":4},"end":{"line":99,"column":4}}},"7":{"name":"transactionCount","line":105,"loc":{"start":{"line":105,"column":4},"end":{"line":107,"column":4}}},"8":{"name":"getTransactionRecords","line":116,"loc":{"start":{"line":116,"column":4},"end":{"line":139,"column":4}}},"9":{"name":"getTransactionRecordsForAccount","line":147,"loc":{"start":{"line":147,"column":4},"end":{"line":173,"column":4}}},"10":{"name":"revertTransaction","line":183,"loc":{"start":{"line":183,"column":4},"end":{"line":208,"column":4}}},"11":{"name":"ADMIN_ROLE","line":218,"loc":{"start":{"line":218,"column":4},"end":{"line":220,"column":4}}},"12":{"name":"MINTER_ROLE","line":226,"loc":{"start":{"line":226,"column":4},"end":{"line":228,"column":4}}},"13":{"name":"PAUSER_ROLE","line":234,"loc":{"start":{"line":234,"column":4},"end":{"line":236,"column":4}}},"14":{"name":"DEFAULT_ADMIN_ROLE","line":242,"loc":{"start":{"line":242,"column":4},"end":{"line":244,"column":4}}},"15":{"name":"complianceFacetVersion","line":254,"loc":{"start":{"line":254,"column":4},"end":{"line":255,"column":27}}},"16":{"name":"getComplianceInfo","line":265,"loc":{"start":{"line":265,"column":4},"end":{"line":284,"column":4}}}},"statementMap":{"1":{"start":{"line":46,"column":8},"end":{"line":46,"column":99}},"2":{"start":{"line":47,"column":8},"end":{"line":47,"column":1929}},"3":{"start":{"line":61,"column":8},"end":{"line":61,"column":59}},"4":{"start":{"line":69,"column":8},"end":{"line":69,"column":69}},"5":{"start":{"line":77,"column":8},"end":{"line":77,"column":67}},"6":{"start":{"line":85,"column":8},"end":{"line":85,"column":58}},"7":{"start":{"line":98,"column":8},"end":{"line":98,"column":77}},"8":{"start":{"line":106,"column":8},"end":{"line":106,"column":71}},"9":{"start":{"line":121,"column":8},"end":{"line":121,"column":99}},"10":{"start":{"line":124,"column":8},"end":{"line":124,"column":5028}},"11":{"start":{"line":125,"column":12},"end":{"line":125,"column":71}},"12":{"start":{"line":128,"column":8},"end":{"line":128,"column":36}},"13":{"start":{"line":129,"column":8},"end":{"line":129,"column":5194}},"14":{"start":{"line":133,"column":8},"end":{"line":133,"column":37}},"15":{"start":{"line":136,"column":8},"end":{"line":136,"column":5388}},"16":{"start":{"line":152,"column":8},"end":{"line":152,"column":99}},"17":{"start":{"line":155,"column":8},"end":{"line":155,"column":25}},"18":{"start":{"line":156,"column":8},"end":{"line":156,"column":6224}},"19":{"start":{"line":157,"column":12},"end":{"line":157,"column":89}},"20":{"start":{"line":158,"column":12},"end":{"line":158,"column":6387}},"21":{"start":{"line":165,"column":8},"end":{"line":165,"column":25}},"22":{"start":{"line":166,"column":8},"end":{"line":166,"column":6679}},"23":{"start":{"line":167,"column":12},"end":{"line":167,"column":89}},"24":{"start":{"line":168,"column":12},"end":{"line":168,"column":6842}},"25":{"start":{"line":184,"column":8},"end":{"line":184,"column":99}},"26":{"start":{"line":185,"column":8},"end":{"line":185,"column":96}},"27":{"start":{"line":187,"column":8},"end":{"line":187,"column":7802}},"28":{"start":{"line":191,"column":8},"end":{"line":191,"column":7953}},"29":{"start":{"line":219,"column":8},"end":{"line":219,"column":64}},"30":{"start":{"line":227,"column":8},"end":{"line":227,"column":65}},"31":{"start":{"line":235,"column":8},"end":{"line":235,"column":65}},"32":{"start":{"line":243,"column":8},"end":{"line":243,"column":71}},"33":{"start":{"line":255,"column":8},"end":{"line":255,"column":22}},"34":{"start":{"line":276,"column":8},"end":{"line":276,"column":99}},"35":{"start":{"line":277,"column":8},"end":{"line":277,"column":11110}}},"branchMap":{"1":{"line":47,"type":"if","locations":[{"start":{"line":47,"column":8},"end":{"line":47,"column":8}},{"start":{"line":47,"column":8},"end":{"line":47,"column":8}}]},"2":{"line":124,"type":"if","locations":[{"start":{"line":124,"column":8},"end":{"line":124,"column":8}},{"start":{"line":124,"column":8},"end":{"line":124,"column":8}}]},"3":{"line":129,"type":"if","locations":[{"start":{"line":129,"column":8},"end":{"line":129,"column":8}},{"start":{"line":129,"column":8},"end":{"line":129,"column":8}}]},"4":{"line":158,"type":"if","locations":[{"start":{"line":158,"column":12},"end":{"line":158,"column":12}},{"start":{"line":158,"column":12},"end":{"line":158,"column":12}}]},"5":{"line":158,"type":"cond-expr","locations":[{"start":{"line":158,"column":16},"end":{"line":158,"column":49}},{"start":{"line":158,"column":54},"end":{"line":158,"column":86}}]},"6":{"line":168,"type":"if","locations":[{"start":{"line":168,"column":12},"end":{"line":168,"column":12}},{"start":{"line":168,"column":12},"end":{"line":168,"column":12}}]},"7":{"line":168,"type":"cond-expr","locations":[{"start":{"line":168,"column":16},"end":{"line":168,"column":49}},{"start":{"line":168,"column":54},"end":{"line":168,"column":86}}]},"8":{"line":183,"type":"if","locations":[{"start":{"line":183,"column":63},"end":{"line":183,"column":63}},{"start":{"line":183,"column":63},"end":{"line":183,"column":63}}]},"9":{"line":187,"type":"if","locations":[{"start":{"line":187,"column":8},"end":{"line":187,"column":8}},{"start":{"line":187,"column":8},"end":{"line":187,"column":8}}]},"10":{"line":187,"type":"cond-expr","locations":[{"start":{"line":187,"column":12},"end":{"line":187,"column":36}},{"start":{"line":187,"column":41},"end":{"line":187,"column":63}}]},"11":{"line":191,"type":"if","locations":[{"start":{"line":191,"column":8},"end":{"line":191,"column":8}},{"start":{"line":191,"column":8},"end":{"line":191,"column":8}}]}}},"contracts\\Diamond\\Diamond.sol":{"l":{"60":1,"63":1,"66":1,"67":1,"68":1,"69":1,"71":1,"85":83,"86":83,"89":83,"94":83,"96":83,"97":0,"101":83},"path":"C:\\Users\\Fernando\\Documents\\solidity\\alastria\\security-tokens-versions\\contracts\\Diamond\\Diamond.sol","s":{"1":1,"2":1,"3":1,"4":1,"5":83,"6":83,"7":83,"8":83},"b":{"1":[0,83]},"f":{"1":1,"2":83},"fnMap":{"1":{"name":"constructor","line":54,"loc":{"start":{"line":54,"column":4},"end":{"line":72,"column":4}}},"2":{"name":null,"line":84,"loc":{"start":{"line":84,"column":4},"end":{"line":122,"column":4}}}},"statementMap":{"1":{"start":{"line":60,"column":8},"end":{"line":60,"column":46}},"2":{"start":{"line":63,"column":8},"end":{"line":63,"column":59}},"3":{"start":{"line":66,"column":8},"end":{"line":66,"column":74}},"4":{"start":{"line":71,"column":8},"end":{"line":71,"column":60}},"5":{"start":{"line":85,"column":8},"end":{"line":85,"column":44}},"6":{"start":{"line":86,"column":8},"end":{"line":86,"column":62}},"7":{"start":{"line":94,"column":8},"end":{"line":94,"column":75}},"8":{"start":{"line":96,"column":8},"end":{"line":96,"column":4326}}},"branchMap":{"1":{"line":96,"type":"if","locations":[{"start":{"line":96,"column":8},"end":{"line":96,"column":8}},{"start":{"line":96,"column":8},"end":{"line":96,"column":8}}]}}},"contracts\\Diamond\\DiamondCutFacet.sol":{"l":{"46":0,"47":0,"58":0},"path":"C:\\Users\\Fernando\\Documents\\solidity\\alastria\\security-tokens-versions\\contracts\\Diamond\\DiamondCutFacet.sol","s":{"1":0,"2":0,"3":0},"b":{},"f":{"1":0,"2":0},"fnMap":{"1":{"name":"diamondCut","line":41,"loc":{"start":{"line":41,"column":4},"end":{"line":48,"column":4}}},"2":{"name":"diamondCutFacetVersion","line":57,"loc":{"start":{"line":57,"column":11},"end":{"line":59,"column":4}}}},"statementMap":{"1":{"start":{"line":46,"column":8},"end":{"line":46,"column":42}},"2":{"start":{"line":47,"column":8},"end":{"line":47,"column":59}},"3":{"start":{"line":58,"column":8},"end":{"line":58,"column":22}}},"branchMap":{}},"contracts\\Diamond\\DiamondInit.sol":{"l":{"89":1,"90":0,"92":1,"93":0,"95":1,"96":0,"98":1,"99":0,"101":1,"102":0,"104":1,"105":0,"107":1,"108":0,"111":1,"114":1,"115":1,"116":1,"117":1,"120":1,"121":1,"122":1,"125":1,"126":1,"127":1,"128":1,"131":1,"132":1,"133":1,"134":1,"137":1,"138":1,"139":1,"142":1,"145":1,"147":1,"167":0},"path":"C:\\Users\\Fernando\\Documents\\solidity\\alastria\\security-tokens-versions\\contracts\\Diamond\\DiamondInit.sol","s":{"1":1,"2":1,"3":1,"4":1,"5":1,"6":1,"7":1,"8":1,"9":1,"10":0},"b":{"1":[0,1],"2":[0,1],"3":[0,1],"4":[0,1],"5":[0,1],"6":[0,1],"7":[0,1]},"f":{"1":1,"2":0},"fnMap":{"1":{"name":"init","line":79,"loc":{"start":{"line":79,"column":4},"end":{"line":156,"column":4}}},"2":{"name":"diamondInitVersion","line":166,"loc":{"start":{"line":166,"column":4},"end":{"line":168,"column":4}}}},"statementMap":{"1":{"start":{"line":89,"column":8},"end":{"line":89,"column":3317}},"2":{"start":{"line":92,"column":8},"end":{"line":92,"column":3404}},"3":{"start":{"line":95,"column":8},"end":{"line":95,"column":3471}},"4":{"start":{"line":98,"column":8},"end":{"line":98,"column":3563}},"5":{"start":{"line":101,"column":8},"end":{"line":101,"column":3659}},"6":{"start":{"line":104,"column":8},"end":{"line":104,"column":3752}},"7":{"start":{"line":107,"column":8},"end":{"line":107,"column":3865}},"8":{"start":{"line":111,"column":8},"end":{"line":111,"column":99}},"9":{"start":{"line":147,"column":8},"end":{"line":147,"column":5328}},"10":{"start":{"line":167,"column":8},"end":{"line":167,"column":22}}},"branchMap":{"1":{"line":89,"type":"if","locations":[{"start":{"line":89,"column":8},"end":{"line":89,"column":8}},{"start":{"line":89,"column":8},"end":{"line":89,"column":8}}]},"2":{"line":92,"type":"if","locations":[{"start":{"line":92,"column":8},"end":{"line":92,"column":8}},{"start":{"line":92,"column":8},"end":{"line":92,"column":8}}]},"3":{"line":95,"type":"if","locations":[{"start":{"line":95,"column":8},"end":{"line":95,"column":8}},{"start":{"line":95,"column":8},"end":{"line":95,"column":8}}]},"4":{"line":98,"type":"if","locations":[{"start":{"line":98,"column":8},"end":{"line":98,"column":8}},{"start":{"line":98,"column":8},"end":{"line":98,"column":8}}]},"5":{"line":101,"type":"if","locations":[{"start":{"line":101,"column":8},"end":{"line":101,"column":8}},{"start":{"line":101,"column":8},"end":{"line":101,"column":8}}]},"6":{"line":104,"type":"if","locations":[{"start":{"line":104,"column":8},"end":{"line":104,"column":8}},{"start":{"line":104,"column":8},"end":{"line":104,"column":8}}]},"7":{"line":107,"type":"if","locations":[{"start":{"line":107,"column":8},"end":{"line":107,"column":8}},{"start":{"line":107,"column":8},"end":{"line":107,"column":8}}]}}},"contracts\\Diamond\\DiamondLoupeFacet.sol":{"l":{"33":1,"34":1,"35":1,"36":1,"37":6,"38":6,"39":6,"49":0,"50":0,"58":0,"59":0,"68":0,"69":0,"83":0,"84":0,"96":0,"97":0,"103":0,"104":0,"105":0,"106":0,"116":0,"117":0,"126":0,"127":0,"139":0,"157":0,"158":0,"159":0,"161":0,"162":0},"path":"C:\\Users\\Fernando\\Documents\\solidity\\alastria\\security-tokens-versions\\contracts\\Diamond\\DiamondLoupeFacet.sol","s":{"1":1,"2":1,"3":1,"4":6,"5":0,"6":0,"7":0,"8":0,"9":0,"10":0,"11":0,"12":0,"13":0,"14":0,"15":0,"16":0,"17":0,"18":0,"19":0,"20":0,"21":0},"b":{},"f":{"1":1,"2":0,"3":0,"4":0,"5":0,"6":0,"7":0,"8":0,"9":0,"10":0,"11":0},"fnMap":{"1":{"name":"facets","line":32,"loc":{"start":{"line":32,"column":4},"end":{"line":41,"column":4}}},"2":{"name":"facetFunctionSelectors","line":48,"loc":{"start":{"line":48,"column":4},"end":{"line":51,"column":4}}},"3":{"name":"facetAddresses","line":57,"loc":{"start":{"line":57,"column":4},"end":{"line":60,"column":4}}},"4":{"name":"facetAddress","line":67,"loc":{"start":{"line":67,"column":4},"end":{"line":70,"column":4}}},"5":{"name":"supportsInterface","line":82,"loc":{"start":{"line":82,"column":4},"end":{"line":85,"column":4}}},"6":{"name":"facetCount","line":95,"loc":{"start":{"line":95,"column":4},"end":{"line":98,"column":4}}},"7":{"name":"totalFunctionSelectors","line":102,"loc":{"start":{"line":102,"column":4},"end":{"line":108,"column":4}}},"8":{"name":"facetExists","line":115,"loc":{"start":{"line":115,"column":4},"end":{"line":118,"column":4}}},"9":{"name":"functionExists","line":125,"loc":{"start":{"line":125,"column":4},"end":{"line":128,"column":4}}},"10":{"name":"diamondLoupeFacetVersion","line":138,"loc":{"start":{"line":138,"column":4},"end":{"line":140,"column":4}}},"11":{"name":"getDiamondInfo","line":148,"loc":{"start":{"line":148,"column":4},"end":{"line":164,"column":4}}}},"statementMap":{"1":{"start":{"line":33,"column":8},"end":{"line":33,"column":74}},"2":{"start":{"line":34,"column":8},"end":{"line":34,"column":52}},"3":{"start":{"line":36,"column":8},"end":{"line":36,"column":1591}},"4":{"start":{"line":37,"column":12},"end":{"line":37,"column":56}},"5":{"start":{"line":49,"column":8},"end":{"line":49,"column":74}},"6":{"start":{"line":58,"column":8},"end":{"line":58,"column":74}},"7":{"start":{"line":68,"column":8},"end":{"line":68,"column":74}},"8":{"start":{"line":83,"column":8},"end":{"line":83,"column":74}},"9":{"start":{"line":84,"column":8},"end":{"line":84,"column":51}},"10":{"start":{"line":96,"column":8},"end":{"line":96,"column":74}},"11":{"start":{"line":97,"column":8},"end":{"line":97,"column":39}},"12":{"start":{"line":103,"column":8},"end":{"line":103,"column":74}},"13":{"start":{"line":104,"column":8},"end":{"line":104,"column":52}},"14":{"start":{"line":105,"column":8},"end":{"line":105,"column":4869}},"15":{"start":{"line":116,"column":8},"end":{"line":116,"column":74}},"16":{"start":{"line":117,"column":8},"end":{"line":117,"column":77}},"17":{"start":{"line":126,"column":8},"end":{"line":126,"column":74}},"18":{"start":{"line":127,"column":8},"end":{"line":127,"column":90}},"19":{"start":{"line":139,"column":8},"end":{"line":139,"column":22}},"20":{"start":{"line":157,"column":8},"end":{"line":157,"column":74}},"21":{"start":{"line":161,"column":8},"end":{"line":161,"column":6983}}},"branchMap":{}},"contracts\\Diamond\\ERC20Facet.sol":{"l":{"72":1,"80":1,"88":1,"96":5,"105":10,"115":0,"129":5,"130":2,"141":0,"143":0,"144":0,"145":0,"148":0,"149":0,"151":0,"164":0,"165":0,"178":5,"179":5,"181":5,"184":5,"185":4,"186":4,"187":3,"188":2,"190":2,"191":2,"194":2,"195":2,"198":2,"199":2,"207":2,"217":0,"218":0,"220":0,"221":0,"233":0,"243":0,"244":0,"245":0,"246":0,"256":0,"257":0,"259":0,"260":0,"263":0,"264":0},"path":"C:\\Users\\Fernando\\Documents\\solidity\\alastria\\security-tokens-versions\\contracts\\Diamond\\ERC20Facet.sol","s":{"1":1,"2":1,"3":1,"4":5,"5":10,"6":0,"7":5,"8":2,"9":0,"10":0,"11":0,"12":0,"13":0,"14":0,"15":0,"16":0,"17":5,"18":5,"19":5,"20":5,"21":4,"22":4,"23":3,"24":2,"25":2,"26":2,"27":2,"28":0,"29":0,"30":0,"31":0,"32":0,"33":0,"34":0,"35":0,"36":0,"37":0,"38":0,"39":0,"40":0},"b":{"1":[0,0],"2":[0,5],"3":[0,5],"4":[1,4],"5":[0,4],"6":[1,3],"7":[1,2],"8":[0,2],"9":[0,2],"10":[0,0],"11":[0,0],"12":[0,0]},"f":{"1":1,"2":1,"3":1,"4":5,"5":10,"6":0,"7":5,"8":0,"9":0,"10":5,"11":0,"12":0,"13":0,"14":0},"fnMap":{"1":{"name":"name","line":71,"loc":{"start":{"line":71,"column":4},"end":{"line":73,"column":4}}},"2":{"name":"symbol","line":79,"loc":{"start":{"line":79,"column":4},"end":{"line":81,"column":4}}},"3":{"name":"decimals","line":87,"loc":{"start":{"line":87,"column":4},"end":{"line":89,"column":4}}},"4":{"name":"totalSupply","line":95,"loc":{"start":{"line":95,"column":4},"end":{"line":97,"column":4}}},"5":{"name":"balanceOf","line":104,"loc":{"start":{"line":104,"column":4},"end":{"line":106,"column":4}}},"6":{"name":"allowance","line":114,"loc":{"start":{"line":114,"column":4},"end":{"line":116,"column":4}}},"7":{"name":"transfer","line":128,"loc":{"start":{"line":128,"column":4},"end":{"line":131,"column":4}}},"8":{"name":"transferFrom","line":140,"loc":{"start":{"line":140,"column":4},"end":{"line":152,"column":4}}},"9":{"name":"approve","line":163,"loc":{"start":{"line":163,"column":4},"end":{"line":166,"column":4}}},"10":{"name":"_transfer","line":177,"loc":{"start":{"line":177,"column":4},"end":{"line":208,"column":4}}},"11":{"name":"_approve","line":216,"loc":{"start":{"line":216,"column":4},"end":{"line":222,"column":4}}},"12":{"name":"version","line":232,"loc":{"start":{"line":232,"column":4},"end":{"line":234,"column":4}}},"13":{"name":"increaseAllowance","line":242,"loc":{"start":{"line":242,"column":4},"end":{"line":247,"column":4}}},"14":{"name":"decreaseAllowance","line":255,"loc":{"start":{"line":255,"column":4},"end":{"line":265,"column":4}}}},"statementMap":{"1":{"start":{"line":72,"column":8},"end":{"line":72,"column":59}},"2":{"start":{"line":80,"column":8},"end":{"line":80,"column":61}},"3":{"start":{"line":88,"column":8},"end":{"line":88,"column":63}},"4":{"start":{"line":96,"column":8},"end":{"line":96,"column":66}},"5":{"start":{"line":105,"column":8},"end":{"line":105,"column":72}},"6":{"start":{"line":115,"column":8},"end":{"line":115,"column":81}},"7":{"start":{"line":129,"column":8},"end":{"line":129,"column":40}},"8":{"start":{"line":130,"column":8},"end":{"line":130,"column":19}},"9":{"start":{"line":141,"column":8},"end":{"line":141,"column":99}},"10":{"start":{"line":143,"column":8},"end":{"line":143,"column":67}},"11":{"start":{"line":144,"column":8},"end":{"line":144,"column":5854}},"12":{"start":{"line":148,"column":8},"end":{"line":148,"column":34}},"13":{"start":{"line":149,"column":8},"end":{"line":149,"column":60}},"14":{"start":{"line":151,"column":8},"end":{"line":151,"column":19}},"15":{"start":{"line":164,"column":8},"end":{"line":164,"column":44}},"16":{"start":{"line":165,"column":8},"end":{"line":165,"column":19}},"17":{"start":{"line":178,"column":8},"end":{"line":178,"column":69}},"18":{"start":{"line":179,"column":8},"end":{"line":179,"column":69}},"19":{"start":{"line":181,"column":8},"end":{"line":181,"column":99}},"20":{"start":{"line":184,"column":8},"end":{"line":184,"column":57}},"21":{"start":{"line":185,"column":8},"end":{"line":185,"column":67}},"22":{"start":{"line":186,"column":8},"end":{"line":186,"column":63}},"23":{"start":{"line":187,"column":8},"end":{"line":187,"column":66}},"24":{"start":{"line":188,"column":8},"end":{"line":188,"column":62}},"25":{"start":{"line":190,"column":8},"end":{"line":190,"column":48}},"26":{"start":{"line":191,"column":8},"end":{"line":191,"column":92}},"27":{"start":{"line":207,"column":8},"end":{"line":207,"column":39}},"28":{"start":{"line":217,"column":8},"end":{"line":217,"column":72}},"29":{"start":{"line":218,"column":8},"end":{"line":218,"column":73}},"30":{"start":{"line":221,"column":8},"end":{"line":221,"column":45}},"31":{"start":{"line":233,"column":8},"end":{"line":233,"column":22}},"32":{"start":{"line":243,"column":8},"end":{"line":243,"column":99}},"33":{"start":{"line":244,"column":8},"end":{"line":244,"column":70}},"34":{"start":{"line":245,"column":8},"end":{"line":245,"column":67}},"35":{"start":{"line":246,"column":8},"end":{"line":246,"column":19}},"36":{"start":{"line":256,"column":8},"end":{"line":256,"column":99}},"37":{"start":{"line":257,"column":8},"end":{"line":257,"column":70}},"38":{"start":{"line":259,"column":8},"end":{"line":259,"column":10868}},"39":{"start":{"line":263,"column":8},"end":{"line":263,"column":72}},"40":{"start":{"line":264,"column":8},"end":{"line":264,"column":19}}},"branchMap":{"1":{"line":144,"type":"if","locations":[{"start":{"line":144,"column":8},"end":{"line":144,"column":8}},{"start":{"line":144,"column":8},"end":{"line":144,"column":8}}]},"2":{"line":178,"type":"if","locations":[{"start":{"line":178,"column":8},"end":{"line":178,"column":8}},{"start":{"line":178,"column":8},"end":{"line":178,"column":8}}]},"3":{"line":179,"type":"if","locations":[{"start":{"line":179,"column":8},"end":{"line":179,"column":8}},{"start":{"line":179,"column":8},"end":{"line":179,"column":8}}]},"4":{"line":184,"type":"if","locations":[{"start":{"line":184,"column":8},"end":{"line":184,"column":8}},{"start":{"line":184,"column":8},"end":{"line":184,"column":8}}]},"5":{"line":185,"type":"if","locations":[{"start":{"line":185,"column":8},"end":{"line":185,"column":8}},{"start":{"line":185,"column":8},"end":{"line":185,"column":8}}]},"6":{"line":186,"type":"if","locations":[{"start":{"line":186,"column":8},"end":{"line":186,"column":8}},{"start":{"line":186,"column":8},"end":{"line":186,"column":8}}]},"7":{"line":187,"type":"if","locations":[{"start":{"line":187,"column":8},"end":{"line":187,"column":8}},{"start":{"line":187,"column":8},"end":{"line":187,"column":8}}]},"8":{"line":188,"type":"if","locations":[{"start":{"line":188,"column":8},"end":{"line":188,"column":8}},{"start":{"line":188,"column":8},"end":{"line":188,"column":8}}]},"9":{"line":191,"type":"if","locations":[{"start":{"line":191,"column":8},"end":{"line":191,"column":8}},{"start":{"line":191,"column":8},"end":{"line":191,"column":8}}]},"10":{"line":217,"type":"if","locations":[{"start":{"line":217,"column":8},"end":{"line":217,"column":8}},{"start":{"line":217,"column":8},"end":{"line":217,"column":8}}]},"11":{"line":218,"type":"if","locations":[{"start":{"line":218,"column":8},"end":{"line":218,"column":8}},{"start":{"line":218,"column":8},"end":{"line":218,"column":8}}]},"12":{"line":259,"type":"if","locations":[{"start":{"line":259,"column":8},"end":{"line":259,"column":8}},{"start":{"line":259,"column":8},"end":{"line":259,"column":8}}]}}},"contracts\\Diamond\\Interfaces\\Interfaces.sol":{"l":{},"path":"C:\\Users\\Fernando\\Documents\\solidity\\alastria\\security-tokens-versions\\contracts\\Diamond\\Interfaces\\Interfaces.sol","s":{},"b":{},"f":{},"fnMap":{},"statementMap":{},"branchMap":{}},"contracts\\Diamond\\Librarys\\LibDiamond.sol":{"l":{"108":9,"109":9,"122":1,"123":1,"124":1,"125":1,"133":0,"141":0,"142":0,"143":0,"161":1,"162":6,"163":6,"164":6,"166":0,"168":0,"170":0,"173":1,"174":1,"184":6,"185":6,"186":6,"187":6,"189":6,"190":6,"192":6,"193":64,"194":64,"195":64,"196":64,"197":64,"208":0,"209":0,"210":0,"211":0,"213":0,"214":0,"216":0,"217":0,"218":0,"219":0,"220":0,"221":0,"222":0,"227":0,"228":0,"230":0,"231":0,"232":0,"233":0,"234":0,"239":6,"240":6,"241":6,"245":64,"246":64,"247":64,"251":0,"253":0,"255":0,"256":0,"258":0,"259":0,"260":0,"261":0,"264":0,"265":0,"268":0,"270":0,"271":0,"272":0,"273":0,"274":0,"275":0,"277":0,"278":0,"283":1,"284":0,"286":1,"287":1,"288":1,"289":0,"292":0,"297":0,"303":7,"304":7,"307":7},"path":"C:\\Users\\Fernando\\Documents\\solidity\\alastria\\security-tokens-versions\\contracts\\Diamond\\Librarys\\LibDiamond.sol","s":{"1":9,"2":1,"3":1,"4":1,"5":0,"6":0,"7":1,"8":6,"9":6,"10":6,"11":0,"12":0,"13":0,"14":0,"15":0,"16":1,"17":1,"18":6,"19":6,"20":6,"21":6,"22":6,"23":6,"24":6,"25":64,"26":64,"27":64,"28":64,"29":0,"30":0,"31":0,"32":0,"33":0,"34":0,"35":0,"36":0,"37":0,"38":0,"39":0,"40":0,"41":0,"42":0,"43":0,"44":0,"45":0,"46":0,"47":0,"48":6,"49":6,"50":64,"51":0,"52":0,"53":0,"54":0,"55":0,"56":0,"57":0,"58":0,"59":0,"60":0,"61":0,"62":0,"63":0,"64":1,"65":0,"66":1,"67":1,"68":1,"69":0,"70":0,"71":7,"72":7},"b":{"1":[0,0],"2":[6,0],"3":[0,0],"4":[0,0],"5":[6,0],"6":[6,0],"7":[6,0],"8":[64,0],"9":[0,0],"10":[0,0],"11":[0,0],"12":[0,0],"13":[0,0],"14":[0,0],"15":[0,0],"16":[0,0],"17":[0,0],"18":[0,0],"19":[0,0],"20":[0,1],"21":[0,1],"22":[0,0],"23":[7,0]},"f":{"1":9,"2":1,"3":0,"4":0,"5":1,"6":6,"7":0,"8":0,"9":6,"10":64,"11":0,"12":1,"13":7},"fnMap":{"1":{"name":"diamondStorage","line":107,"loc":{"start":{"line":107,"column":4},"end":{"line":112,"column":4}}},"2":{"name":"setContractOwner","line":121,"loc":{"start":{"line":121,"column":4},"end":{"line":126,"column":4}}},"3":{"name":"contractOwner","line":132,"loc":{"start":{"line":132,"column":4},"end":{"line":134,"column":4}}},"4":{"name":"enforceIsContractOwner","line":140,"loc":{"start":{"line":140,"column":4},"end":{"line":145,"column":4}}},"5":{"name":"diamondCut","line":156,"loc":{"start":{"line":156,"column":4},"end":{"line":175,"column":4}}},"6":{"name":"addFunctions","line":183,"loc":{"start":{"line":183,"column":4},"end":{"line":199,"column":4}}},"7":{"name":"replaceFunctions","line":207,"loc":{"start":{"line":207,"column":4},"end":{"line":224,"column":4}}},"8":{"name":"removeFunctions","line":226,"loc":{"start":{"line":226,"column":4},"end":{"line":236,"column":4}}},"9":{"name":"addFacet","line":238,"loc":{"start":{"line":238,"column":4},"end":{"line":242,"column":4}}},"10":{"name":"addFunction","line":244,"loc":{"start":{"line":244,"column":4},"end":{"line":248,"column":4}}},"11":{"name":"removeFunction","line":250,"loc":{"start":{"line":250,"column":4},"end":{"line":280,"column":4}}},"12":{"name":"initializeDiamondCut","line":282,"loc":{"start":{"line":282,"column":4},"end":{"line":300,"column":4}}},"13":{"name":"enforceHasContractCode","line":302,"loc":{"start":{"line":302,"column":4},"end":{"line":308,"column":4}}}},"statementMap":{"1":{"start":{"line":108,"column":8},"end":{"line":108,"column":51}},"2":{"start":{"line":122,"column":8},"end":{"line":122,"column":52}},"3":{"start":{"line":123,"column":8},"end":{"line":123,"column":48}},"4":{"start":{"line":125,"column":8},"end":{"line":125,"column":59}},"5":{"start":{"line":141,"column":8},"end":{"line":141,"column":54}},"6":{"start":{"line":142,"column":8},"end":{"line":142,"column":5934}},"7":{"start":{"line":161,"column":8},"end":{"line":161,"column":6761}},"8":{"start":{"line":162,"column":12},"end":{"line":162,"column":78}},"9":{"start":{"line":163,"column":12},"end":{"line":163,"column":6933}},"10":{"start":{"line":164,"column":16},"end":{"line":164,"column":108}},"11":{"start":{"line":165,"column":19},"end":{"line":165,"column":7113}},"12":{"start":{"line":166,"column":16},"end":{"line":166,"column":112}},"13":{"start":{"line":167,"column":19},"end":{"line":167,"column":7301}},"14":{"start":{"line":168,"column":16},"end":{"line":168,"column":111}},"15":{"start":{"line":170,"column":16},"end":{"line":170,"column":64}},"16":{"start":{"line":173,"column":8},"end":{"line":173,"column":54}},"17":{"start":{"line":174,"column":8},"end":{"line":174,"column":45}},"18":{"start":{"line":184,"column":8},"end":{"line":184,"column":92}},"19":{"start":{"line":185,"column":8},"end":{"line":185,"column":52}},"20":{"start":{"line":186,"column":8},"end":{"line":186,"column":91}},"21":{"start":{"line":187,"column":8},"end":{"line":187,"column":107}},"22":{"start":{"line":189,"column":8},"end":{"line":189,"column":8480}},"23":{"start":{"line":190,"column":12},"end":{"line":190,"column":38}},"24":{"start":{"line":192,"column":8},"end":{"line":192,"column":8583}},"25":{"start":{"line":193,"column":12},"end":{"line":193,"column":63}},"26":{"start":{"line":194,"column":12},"end":{"line":194,"column":90}},"27":{"start":{"line":195,"column":12},"end":{"line":195,"column":106}},"28":{"start":{"line":196,"column":12},"end":{"line":196,"column":69}},"29":{"start":{"line":208,"column":8},"end":{"line":208,"column":92}},"30":{"start":{"line":209,"column":8},"end":{"line":209,"column":52}},"31":{"start":{"line":210,"column":8},"end":{"line":210,"column":91}},"32":{"start":{"line":211,"column":8},"end":{"line":211,"column":107}},"33":{"start":{"line":213,"column":8},"end":{"line":213,"column":9892}},"34":{"start":{"line":214,"column":12},"end":{"line":214,"column":38}},"35":{"start":{"line":216,"column":8},"end":{"line":216,"column":9983}},"36":{"start":{"line":217,"column":12},"end":{"line":217,"column":63}},"37":{"start":{"line":218,"column":12},"end":{"line":218,"column":90}},"38":{"start":{"line":219,"column":12},"end":{"line":219,"column":112}},"39":{"start":{"line":220,"column":12},"end":{"line":220,"column":56}},"40":{"start":{"line":221,"column":12},"end":{"line":221,"column":69}},"41":{"start":{"line":227,"column":8},"end":{"line":227,"column":92}},"42":{"start":{"line":228,"column":8},"end":{"line":228,"column":52}},"43":{"start":{"line":230,"column":8},"end":{"line":230,"column":101}},"44":{"start":{"line":231,"column":8},"end":{"line":231,"column":10965}},"45":{"start":{"line":232,"column":12},"end":{"line":232,"column":63}},"46":{"start":{"line":233,"column":12},"end":{"line":233,"column":90}},"47":{"start":{"line":234,"column":12},"end":{"line":234,"column":56}},"48":{"start":{"line":239,"column":8},"end":{"line":239,"column":84}},"49":{"start":{"line":241,"column":8},"end":{"line":241,"column":44}},"50":{"start":{"line":246,"column":8},"end":{"line":246,"column":81}},"51":{"start":{"line":251,"column":8},"end":{"line":251,"column":102}},"52":{"start":{"line":253,"column":8},"end":{"line":253,"column":96}},"53":{"start":{"line":255,"column":8},"end":{"line":255,"column":100}},"54":{"start":{"line":256,"column":8},"end":{"line":256,"column":108}},"55":{"start":{"line":258,"column":8},"end":{"line":258,"column":12794}},"56":{"start":{"line":259,"column":12},"end":{"line":259,"column":114}},"57":{"start":{"line":264,"column":8},"end":{"line":264,"column":71}},"58":{"start":{"line":268,"column":8},"end":{"line":268,"column":13448}},"59":{"start":{"line":270,"column":12},"end":{"line":270,"column":75}},"60":{"start":{"line":271,"column":12},"end":{"line":271,"column":104}},"61":{"start":{"line":272,"column":12},"end":{"line":272,"column":13775}},"62":{"start":{"line":273,"column":16},"end":{"line":273,"column":86}},"63":{"start":{"line":277,"column":12},"end":{"line":277,"column":34}},"64":{"start":{"line":283,"column":8},"end":{"line":283,"column":14349}},"65":{"start":{"line":284,"column":12},"end":{"line":284,"column":18}},"66":{"start":{"line":286,"column":8},"end":{"line":286,"column":80}},"67":{"start":{"line":287,"column":8},"end":{"line":287,"column":74}},"68":{"start":{"line":288,"column":8},"end":{"line":288,"column":14586}},"69":{"start":{"line":289,"column":12},"end":{"line":289,"column":14619}},"70":{"start":{"line":297,"column":16},"end":{"line":297,"column":63}},"71":{"start":{"line":303,"column":8},"end":{"line":303,"column":28}},"72":{"start":{"line":307,"column":8},"end":{"line":307,"column":47}}},"branchMap":{"1":{"line":142,"type":"if","locations":[{"start":{"line":142,"column":8},"end":{"line":142,"column":8}},{"start":{"line":142,"column":8},"end":{"line":142,"column":8}}]},"2":{"line":163,"type":"if","locations":[{"start":{"line":163,"column":12},"end":{"line":163,"column":12}},{"start":{"line":163,"column":12},"end":{"line":163,"column":12}}]},"3":{"line":165,"type":"if","locations":[{"start":{"line":165,"column":19},"end":{"line":165,"column":19}},{"start":{"line":165,"column":19},"end":{"line":165,"column":19}}]},"4":{"line":167,"type":"if","locations":[{"start":{"line":167,"column":19},"end":{"line":167,"column":19}},{"start":{"line":167,"column":19},"end":{"line":167,"column":19}}]},"5":{"line":184,"type":"if","locations":[{"start":{"line":184,"column":8},"end":{"line":184,"column":8}},{"start":{"line":184,"column":8},"end":{"line":184,"column":8}}]},"6":{"line":186,"type":"if","locations":[{"start":{"line":186,"column":8},"end":{"line":186,"column":8}},{"start":{"line":186,"column":8},"end":{"line":186,"column":8}}]},"7":{"line":189,"type":"if","locations":[{"start":{"line":189,"column":8},"end":{"line":189,"column":8}},{"start":{"line":189,"column":8},"end":{"line":189,"column":8}}]},"8":{"line":195,"type":"if","locations":[{"start":{"line":195,"column":12},"end":{"line":195,"column":12}},{"start":{"line":195,"column":12},"end":{"line":195,"column":12}}]},"9":{"line":208,"type":"if","locations":[{"start":{"line":208,"column":8},"end":{"line":208,"column":8}},{"start":{"line":208,"column":8},"end":{"line":208,"column":8}}]},"10":{"line":210,"type":"if","locations":[{"start":{"line":210,"column":8},"end":{"line":210,"column":8}},{"start":{"line":210,"column":8},"end":{"line":210,"column":8}}]},"11":{"line":213,"type":"if","locations":[{"start":{"line":213,"column":8},"end":{"line":213,"column":8}},{"start":{"line":213,"column":8},"end":{"line":213,"column":8}}]},"12":{"line":219,"type":"if","locations":[{"start":{"line":219,"column":12},"end":{"line":219,"column":12}},{"start":{"line":219,"column":12},"end":{"line":219,"column":12}}]},"13":{"line":227,"type":"if","locations":[{"start":{"line":227,"column":8},"end":{"line":227,"column":8}},{"start":{"line":227,"column":8},"end":{"line":227,"column":8}}]},"14":{"line":230,"type":"if","locations":[{"start":{"line":230,"column":8},"end":{"line":230,"column":8}},{"start":{"line":230,"column":8},"end":{"line":230,"column":8}}]},"15":{"line":251,"type":"if","locations":[{"start":{"line":251,"column":8},"end":{"line":251,"column":8}},{"start":{"line":251,"column":8},"end":{"line":251,"column":8}}]},"16":{"line":253,"type":"if","locations":[{"start":{"line":253,"column":8},"end":{"line":253,"column":8}},{"start":{"line":253,"column":8},"end":{"line":253,"column":8}}]},"17":{"line":258,"type":"if","locations":[{"start":{"line":258,"column":8},"end":{"line":258,"column":8}},{"start":{"line":258,"column":8},"end":{"line":258,"column":8}}]},"18":{"line":268,"type":"if","locations":[{"start":{"line":268,"column":8},"end":{"line":268,"column":8}},{"start":{"line":268,"column":8},"end":{"line":268,"column":8}}]},"19":{"line":272,"type":"if","locations":[{"start":{"line":272,"column":12},"end":{"line":272,"column":12}},{"start":{"line":272,"column":12},"end":{"line":272,"column":12}}]},"20":{"line":283,"type":"if","locations":[{"start":{"line":283,"column":8},"end":{"line":283,"column":8}},{"start":{"line":283,"column":8},"end":{"line":283,"column":8}}]},"21":{"line":288,"type":"if","locations":[{"start":{"line":288,"column":8},"end":{"line":288,"column":8}},{"start":{"line":288,"column":8},"end":{"line":288,"column":8}}]},"22":{"line":289,"type":"if","locations":[{"start":{"line":289,"column":12},"end":{"line":289,"column":12}},{"start":{"line":289,"column":12},"end":{"line":289,"column":12}}]},"23":{"line":307,"type":"if","locations":[{"start":{"line":307,"column":8},"end":{"line":307,"column":8}},{"start":{"line":307,"column":8},"end":{"line":307,"column":8}}]}}},"contracts\\Diamond\\Librarys\\LibSecurityToken.sol":{"l":{"113":122,"114":122,"129":0,"138":0,"139":0},"path":"C:\\Users\\Fernando\\Documents\\solidity\\alastria\\security-tokens-versions\\contracts\\Diamond\\Librarys\\LibSecurityToken.sol","s":{"1":122,"2":0,"3":0,"4":0},"b":{},"f":{"1":122,"2":0,"3":0},"fnMap":{"1":{"name":"securityTokenStorage","line":112,"loc":{"start":{"line":112,"column":4},"end":{"line":117,"column":4}}},"2":{"name":"getStoragePosition","line":128,"loc":{"start":{"line":128,"column":4},"end":{"line":130,"column":4}}},"3":{"name":"isInitialized","line":137,"loc":{"start":{"line":137,"column":4},"end":{"line":140,"column":4}}}},"statementMap":{"1":{"start":{"line":113,"column":8},"end":{"line":113,"column":58}},"2":{"start":{"line":129,"column":8},"end":{"line":129,"column":46}},"3":{"start":{"line":138,"column":8},"end":{"line":138,"column":65}},"4":{"start":{"line":139,"column":8},"end":{"line":139,"column":41}}},"branchMap":{}},"contracts\\Diamond\\MintingFacet.sol":{"l":{"66":3,"67":3,"68":0,"70":3,"83":3,"84":0,"87":3,"90":3,"91":1,"94":2,"95":2,"98":2,"99":2,"107":2,"120":0,"121":0,"124":0,"127":0,"128":0,"129":0,"132":0,"133":0,"137":0,"138":0,"139":0,"141":0,"142":0,"145":0,"148":0,"149":0,"157":0,"160":0,"172":1,"182":0,"184":0,"185":0,"186":0,"189":0,"190":0,"200":1,"201":0,"204":1,"206":1,"207":1,"208":0,"211":1,"212":1,"215":1,"216":1,"224":1,"236":0,"237":0,"246":0,"247":0,"256":0,"268":0,"286":0,"287":0,"288":0,"289":0},"path":"C:\\Users\\Fernando\\Documents\\solidity\\alastria\\security-tokens-versions\\contracts\\Diamond\\MintingFacet.sol","s":{"1":3,"2":3,"3":3,"4":3,"5":3,"6":2,"7":0,"8":0,"9":0,"10":0,"11":0,"12":0,"13":0,"14":0,"15":0,"16":0,"17":0,"18":1,"19":0,"20":0,"21":0,"22":0,"23":1,"24":1,"25":1,"26":1,"27":1,"28":0,"29":0,"30":0,"31":0,"32":0,"33":0,"34":0},"b":{"1":[0,3],"2":[3,0],"3":[0,3],"4":[1,2],"5":[0,0],"6":[0,0],"7":[0,0],"8":[0,0],"9":[0,0],"10":[0,1],"11":[0,1]},"f":{"1":3,"2":3,"3":0,"4":1,"5":0,"6":1,"7":0,"8":0,"9":0,"10":0,"11":0},"fnMap":{"1":{"name":"onlyRole","line":65,"loc":{"start":{"line":65,"column":4},"end":{"line":71,"column":4}}},"2":{"name":"mint","line":82,"loc":{"start":{"line":82,"column":4},"end":{"line":108,"column":4}}},"3":{"name":"batchMint","line":118,"loc":{"start":{"line":116,"column":4},"end":{"line":161,"column":4}}},"4":{"name":"burn","line":171,"loc":{"start":{"line":171,"column":4},"end":{"line":173,"column":4}}},"5":{"name":"burnFrom","line":181,"loc":{"start":{"line":181,"column":4},"end":{"line":191,"column":4}}},"6":{"name":"_burn","line":199,"loc":{"start":{"line":199,"column":4},"end":{"line":225,"column":4}}},"7":{"name":"mintableAmount","line":235,"loc":{"start":{"line":235,"column":4},"end":{"line":238,"column":4}}},"8":{"name":"canMint","line":245,"loc":{"start":{"line":245,"column":4},"end":{"line":248,"column":4}}},"9":{"name":"burnableAmount","line":255,"loc":{"start":{"line":255,"column":4},"end":{"line":257,"column":4}}},"10":{"name":"mintingFacetVersion","line":267,"loc":{"start":{"line":267,"column":4},"end":{"line":269,"column":4}}},"11":{"name":"getMintingInfo","line":277,"loc":{"start":{"line":277,"column":4},"end":{"line":290,"column":4}}}},"statementMap":{"1":{"start":{"line":66,"column":8},"end":{"line":66,"column":99}},"2":{"start":{"line":67,"column":8},"end":{"line":67,"column":2846}},"3":{"start":{"line":83,"column":8},"end":{"line":83,"column":3565}},"4":{"start":{"line":87,"column":8},"end":{"line":87,"column":99}},"5":{"start":{"line":90,"column":8},"end":{"line":90,"column":3794}},"6":{"start":{"line":107,"column":8},"end":{"line":107,"column":45}},"7":{"start":{"line":120,"column":8},"end":{"line":120,"column":4903}},"8":{"start":{"line":121,"column":12},"end":{"line":121,"column":43}},"9":{"start":{"line":124,"column":8},"end":{"line":124,"column":99}},"10":{"start":{"line":127,"column":8},"end":{"line":127,"column":31}},"11":{"start":{"line":128,"column":8},"end":{"line":128,"column":5223}},"12":{"start":{"line":132,"column":8},"end":{"line":132,"column":5340}},"13":{"start":{"line":137,"column":8},"end":{"line":137,"column":5515}},"14":{"start":{"line":138,"column":12},"end":{"line":138,"column":38}},"15":{"start":{"line":139,"column":12},"end":{"line":139,"column":39}},"16":{"start":{"line":141,"column":12},"end":{"line":141,"column":5679}},"17":{"start":{"line":157,"column":12},"end":{"line":157,"column":49}},"18":{"start":{"line":172,"column":8},"end":{"line":172,"column":32}},"19":{"start":{"line":182,"column":8},"end":{"line":182,"column":99}},"20":{"start":{"line":184,"column":8},"end":{"line":184,"column":70}},"21":{"start":{"line":185,"column":8},"end":{"line":185,"column":7384}},"22":{"start":{"line":189,"column":8},"end":{"line":189,"column":29}},"23":{"start":{"line":200,"column":8},"end":{"line":200,"column":7993}},"24":{"start":{"line":204,"column":8},"end":{"line":204,"column":99}},"25":{"start":{"line":206,"column":8},"end":{"line":206,"column":51}},"26":{"start":{"line":207,"column":8},"end":{"line":207,"column":8258}},"27":{"start":{"line":224,"column":8},"end":{"line":224,"column":47}},"28":{"start":{"line":236,"column":8},"end":{"line":236,"column":99}},"29":{"start":{"line":237,"column":8},"end":{"line":237,"column":40}},"30":{"start":{"line":246,"column":8},"end":{"line":246,"column":99}},"31":{"start":{"line":247,"column":8},"end":{"line":247,"column":50}},"32":{"start":{"line":256,"column":8},"end":{"line":256,"column":72}},"33":{"start":{"line":268,"column":8},"end":{"line":268,"column":22}},"34":{"start":{"line":286,"column":8},"end":{"line":286,"column":99}}},"branchMap":{"1":{"line":67,"type":"if","locations":[{"start":{"line":67,"column":8},"end":{"line":67,"column":8}},{"start":{"line":67,"column":8},"end":{"line":67,"column":8}}]},"2":{"line":82,"type":"if","locations":[{"start":{"line":82,"column":55},"end":{"line":82,"column":55}},{"start":{"line":82,"column":55},"end":{"line":82,"column":55}}]},"3":{"line":83,"type":"if","locations":[{"start":{"line":83,"column":8},"end":{"line":83,"column":8}},{"start":{"line":83,"column":8},"end":{"line":83,"column":8}}]},"4":{"line":90,"type":"if","locations":[{"start":{"line":90,"column":8},"end":{"line":90,"column":8}},{"start":{"line":90,"column":8},"end":{"line":90,"column":8}}]},"5":{"line":118,"type":"if","locations":[{"start":{"line":118,"column":8},"end":{"line":118,"column":8}},{"start":{"line":118,"column":8},"end":{"line":118,"column":8}}]},"6":{"line":120,"type":"if","locations":[{"start":{"line":120,"column":8},"end":{"line":120,"column":8}},{"start":{"line":120,"column":8},"end":{"line":120,"column":8}}]},"7":{"line":132,"type":"if","locations":[{"start":{"line":132,"column":8},"end":{"line":132,"column":8}},{"start":{"line":132,"column":8},"end":{"line":132,"column":8}}]},"8":{"line":141,"type":"if","locations":[{"start":{"line":141,"column":12},"end":{"line":141,"column":12}},{"start":{"line":141,"column":12},"end":{"line":141,"column":12}}]},"9":{"line":185,"type":"if","locations":[{"start":{"line":185,"column":8},"end":{"line":185,"column":8}},{"start":{"line":185,"column":8},"end":{"line":185,"column":8}}]},"10":{"line":200,"type":"if","locations":[{"start":{"line":200,"column":8},"end":{"line":200,"column":8}},{"start":{"line":200,"column":8},"end":{"line":200,"column":8}}]},"11":{"line":207,"type":"if","locations":[{"start":{"line":207,"column":8},"end":{"line":207,"column":8}},{"start":{"line":207,"column":8},"end":{"line":207,"column":8}}]}}},"contracts\\Diamond\\OwnershipFacet.sol":{"l":{"56":0,"58":0,"59":0,"62":0,"63":0,"64":0,"67":0,"68":0,"77":0,"78":0,"79":0,"80":0,"92":0,"101":0,"113":0},"path":"C:\\Users\\Fernando\\Documents\\solidity\\alastria\\security-tokens-versions\\contracts\\Diamond\\OwnershipFacet.sol","s":{"1":0,"2":0,"3":0,"4":0,"5":0,"6":0,"7":0,"8":0,"9":0,"10":0,"11":0,"12":0},"b":{"1":[0,0],"2":[0,0]},"f":{"1":0,"2":0,"3":0,"4":0,"5":0},"fnMap":{"1":{"name":"transferOwnership","line":55,"loc":{"start":{"line":55,"column":4},"end":{"line":69,"column":4}}},"2":{"name":"renounceOwnership","line":76,"loc":{"start":{"line":76,"column":4},"end":{"line":81,"column":4}}},"3":{"name":"owner","line":91,"loc":{"start":{"line":91,"column":4},"end":{"line":93,"column":4}}},"4":{"name":"isOwner","line":100,"loc":{"start":{"line":100,"column":4},"end":{"line":102,"column":4}}},"5":{"name":"ownershipFacetVersion","line":112,"loc":{"start":{"line":112,"column":4},"end":{"line":114,"column":4}}}},"statementMap":{"1":{"start":{"line":56,"column":8},"end":{"line":56,"column":42}},"2":{"start":{"line":58,"column":8},"end":{"line":58,"column":2345}},"3":{"start":{"line":62,"column":8},"end":{"line":62,"column":57}},"4":{"start":{"line":63,"column":8},"end":{"line":63,"column":2511}},"5":{"start":{"line":67,"column":8},"end":{"line":67,"column":45}},"6":{"start":{"line":68,"column":8},"end":{"line":68,"column":58}},"7":{"start":{"line":77,"column":8},"end":{"line":77,"column":42}},"8":{"start":{"line":78,"column":8},"end":{"line":78,"column":57}},"9":{"start":{"line":79,"column":8},"end":{"line":79,"column":46}},"10":{"start":{"line":80,"column":8},"end":{"line":80,"column":59}},"11":{"start":{"line":101,"column":8},"end":{"line":101,"column":52}},"12":{"start":{"line":113,"column":8},"end":{"line":113,"column":22}}},"branchMap":{"1":{"line":58,"type":"if","locations":[{"start":{"line":58,"column":8},"end":{"line":58,"column":8}},{"start":{"line":58,"column":8},"end":{"line":58,"column":8}}]},"2":{"line":63,"type":"if","locations":[{"start":{"line":63,"column":8},"end":{"line":63,"column":8}},{"start":{"line":63,"column":8},"end":{"line":63,"column":8}}]}}},"contracts\\SecurityToken.sol":{"l":{"122":3,"123":3,"150":2,"152":2,"153":2,"154":2,"155":2,"156":2,"158":2,"159":2,"160":2,"162":2,"163":2,"164":2,"165":2,"183":1,"195":0,"203":0,"220":2,"221":2,"234":0,"235":0,"244":0,"261":0,"262":0,"275":0,"276":0,"285":0,"298":1,"300":1,"301":0,"304":1,"305":1,"314":2,"334":4,"335":3,"336":0,"338":3,"339":0,"344":4,"345":4,"346":1,"348":3,"349":0,"354":3,"355":3,"364":3,"376":0,"398":0,"422":0},"path":"C:\\Users\\Fernando\\Documents\\solidity\\alastria\\security-tokens-versions\\contracts\\SecurityToken.sol","s":{"1":3,"2":2,"3":2,"4":2,"5":2,"6":2,"7":2,"8":2,"9":2,"10":2,"11":2,"12":1,"13":0,"14":0,"15":2,"16":0,"17":0,"18":0,"19":0,"20":0,"21":1,"22":1,"23":1,"24":1,"25":2,"26":4,"27":3,"28":3,"29":4,"30":4,"31":3,"32":3,"33":0,"34":0,"35":0},"b":{"1":[3,0],"2":[2,0],"3":[0,2],"4":[1,0],"5":[1,0],"6":[0,0],"7":[0,0],"8":[2,0],"9":[2,0],"10":[0,0],"11":[0,0],"12":[0,0],"13":[0,0],"14":[0,0],"15":[0,0],"16":[1,0],"17":[0,1],"18":[0,0],"19":[3,1],"20":[0,3],"21":[0,3],"22":[4,0],"23":[1,3],"24":[0,3]},"f":{"1":3,"2":2,"3":1,"4":0,"5":0,"6":2,"7":0,"8":0,"9":0,"10":0,"11":0,"12":1,"13":2,"14":4,"15":0,"16":0,"17":0},"fnMap":{"1":{"name":"notZeroAddress","line":121,"loc":{"start":{"line":121,"column":4},"end":{"line":124,"column":4}}},"2":{"name":"initialize","line":149,"loc":{"start":{"line":141,"column":4},"end":{"line":166,"column":4}}},"3":{"name":"mint","line":181,"loc":{"start":{"line":178,"column":4},"end":{"line":184,"column":4}}},"4":{"name":"pause","line":194,"loc":{"start":{"line":194,"column":4},"end":{"line":196,"column":4}}},"5":{"name":"unpause","line":202,"loc":{"start":{"line":202,"column":4},"end":{"line":204,"column":4}}},"6":{"name":"addToWhitelist","line":218,"loc":{"start":{"line":215,"column":4},"end":{"line":222,"column":4}}},"7":{"name":"removeFromWhitelist","line":232,"loc":{"start":{"line":229,"column":4},"end":{"line":236,"column":4}}},"8":{"name":"isWhitelisted","line":243,"loc":{"start":{"line":243,"column":4},"end":{"line":245,"column":4}}},"9":{"name":"addToBlacklist","line":259,"loc":{"start":{"line":256,"column":4},"end":{"line":263,"column":4}}},"10":{"name":"removeFromBlacklist","line":273,"loc":{"start":{"line":270,"column":4},"end":{"line":277,"column":4}}},"11":{"name":"isBlacklisted","line":284,"loc":{"start":{"line":284,"column":4},"end":{"line":286,"column":4}}},"12":{"name":"revertTransaction","line":297,"loc":{"start":{"line":297,"column":4},"end":{"line":306,"column":4}}},"13":{"name":"getTransactionRecord","line":313,"loc":{"start":{"line":313,"column":4},"end":{"line":315,"column":4}}},"14":{"name":"_update","line":327,"loc":{"start":{"line":327,"column":4},"end":{"line":365,"column":4}}},"15":{"name":"version","line":375,"loc":{"start":{"line":375,"column":4},"end":{"line":377,"column":4}}},"16":{"name":"getTokenInfo","line":387,"loc":{"start":{"line":387,"column":4},"end":{"line":405,"column":4}}},"17":{"name":"getSecurityInfo","line":413,"loc":{"start":{"line":413,"column":4},"end":{"line":423,"column":4}}}},"statementMap":{"1":{"start":{"line":122,"column":8},"end":{"line":122,"column":64}},"2":{"start":{"line":150,"column":8},"end":{"line":150,"column":61}},"3":{"start":{"line":152,"column":8},"end":{"line":152,"column":33}},"4":{"start":{"line":153,"column":8},"end":{"line":153,"column":29}},"5":{"start":{"line":154,"column":8},"end":{"line":154,"column":29}},"6":{"start":{"line":155,"column":8},"end":{"line":155,"column":30}},"7":{"start":{"line":156,"column":8},"end":{"line":156,"column":29}},"8":{"start":{"line":162,"column":8},"end":{"line":162,"column":44}},"9":{"start":{"line":163,"column":8},"end":{"line":163,"column":36}},"10":{"start":{"line":164,"column":8},"end":{"line":164,"column":37}},"11":{"start":{"line":165,"column":8},"end":{"line":165,"column":37}},"12":{"start":{"line":183,"column":8},"end":{"line":183,"column":24}},"13":{"start":{"line":195,"column":8},"end":{"line":195,"column":15}},"14":{"start":{"line":203,"column":8},"end":{"line":203,"column":17}},"15":{"start":{"line":221,"column":8},"end":{"line":221,"column":48}},"16":{"start":{"line":235,"column":8},"end":{"line":235,"column":50}},"17":{"start":{"line":244,"column":8},"end":{"line":244,"column":33}},"18":{"start":{"line":262,"column":8},"end":{"line":262,"column":48}},"19":{"start":{"line":276,"column":8},"end":{"line":276,"column":50}},"20":{"start":{"line":285,"column":8},"end":{"line":285,"column":33}},"21":{"start":{"line":298,"column":8},"end":{"line":298,"column":76}},"22":{"start":{"line":300,"column":8},"end":{"line":300,"column":11515}},"23":{"start":{"line":304,"column":8},"end":{"line":304,"column":55}},"24":{"start":{"line":305,"column":8},"end":{"line":305,"column":59}},"25":{"start":{"line":314,"column":8},"end":{"line":314,"column":38}},"26":{"start":{"line":334,"column":8},"end":{"line":334,"column":12965}},"27":{"start":{"line":335,"column":12},"end":{"line":335,"column":13008}},"28":{"start":{"line":338,"column":12},"end":{"line":338,"column":13112}},"29":{"start":{"line":344,"column":8},"end":{"line":344,"column":13280}},"30":{"start":{"line":345,"column":12},"end":{"line":345,"column":13321}},"31":{"start":{"line":348,"column":12},"end":{"line":348,"column":13424}},"32":{"start":{"line":364,"column":8},"end":{"line":364,"column":38}},"33":{"start":{"line":376,"column":8},"end":{"line":376,"column":22}},"34":{"start":{"line":398,"column":8},"end":{"line":398,"column":14872}},"35":{"start":{"line":422,"column":8},"end":{"line":422,"column":51}}},"branchMap":{"1":{"line":122,"type":"if","locations":[{"start":{"line":122,"column":8},"end":{"line":122,"column":8}},{"start":{"line":122,"column":8},"end":{"line":122,"column":8}}]},"2":{"line":149,"type":"if","locations":[{"start":{"line":149,"column":21},"end":{"line":149,"column":21}},{"start":{"line":149,"column":21},"end":{"line":149,"column":21}}]},"3":{"line":150,"type":"if","locations":[{"start":{"line":150,"column":8},"end":{"line":150,"column":8}},{"start":{"line":150,"column":8},"end":{"line":150,"column":8}}]},"4":{"line":180,"type":"if","locations":[{"start":{"line":180,"column":8},"end":{"line":180,"column":8}},{"start":{"line":180,"column":8},"end":{"line":180,"column":8}}]},"5":{"line":181,"type":"if","locations":[{"start":{"line":181,"column":8},"end":{"line":181,"column":8}},{"start":{"line":181,"column":8},"end":{"line":181,"column":8}}]},"6":{"line":194,"type":"if","locations":[{"start":{"line":194,"column":28},"end":{"line":194,"column":28}},{"start":{"line":194,"column":28},"end":{"line":194,"column":28}}]},"7":{"line":202,"type":"if","locations":[{"start":{"line":202,"column":30},"end":{"line":202,"column":30}},{"start":{"line":202,"column":30},"end":{"line":202,"column":30}}]},"8":{"line":217,"type":"if","locations":[{"start":{"line":217,"column":8},"end":{"line":217,"column":8}},{"start":{"line":217,"column":8},"end":{"line":217,"column":8}}]},"9":{"line":218,"type":"if","locations":[{"start":{"line":218,"column":8},"end":{"line":218,"column":8}},{"start":{"line":218,"column":8},"end":{"line":218,"column":8}}]},"10":{"line":231,"type":"if","locations":[{"start":{"line":231,"column":8},"end":{"line":231,"column":8}},{"start":{"line":231,"column":8},"end":{"line":231,"column":8}}]},"11":{"line":232,"type":"if","locations":[{"start":{"line":232,"column":8},"end":{"line":232,"column":8}},{"start":{"line":232,"column":8},"end":{"line":232,"column":8}}]},"12":{"line":258,"type":"if","locations":[{"start":{"line":258,"column":8},"end":{"line":258,"column":8}},{"start":{"line":258,"column":8},"end":{"line":258,"column":8}}]},"13":{"line":259,"type":"if","locations":[{"start":{"line":259,"column":8},"end":{"line":259,"column":8}},{"start":{"line":259,"column":8},"end":{"line":259,"column":8}}]},"14":{"line":272,"type":"if","locations":[{"start":{"line":272,"column":8},"end":{"line":272,"column":8}},{"start":{"line":272,"column":8},"end":{"line":272,"column":8}}]},"15":{"line":273,"type":"if","locations":[{"start":{"line":273,"column":8},"end":{"line":273,"column":8}},{"start":{"line":273,"column":8},"end":{"line":273,"column":8}}]},"16":{"line":297,"type":"if","locations":[{"start":{"line":297,"column":63},"end":{"line":297,"column":63}},{"start":{"line":297,"column":63},"end":{"line":297,"column":63}}]},"17":{"line":300,"type":"if","locations":[{"start":{"line":300,"column":8},"end":{"line":300,"column":8}},{"start":{"line":300,"column":8},"end":{"line":300,"column":8}}]},"18":{"line":300,"type":"cond-expr","locations":[{"start":{"line":300,"column":12},"end":{"line":300,"column":36}},{"start":{"line":300,"column":41},"end":{"line":300,"column":63}}]},"19":{"line":334,"type":"if","locations":[{"start":{"line":334,"column":8},"end":{"line":334,"column":8}},{"start":{"line":334,"column":8},"end":{"line":334,"column":8}}]},"20":{"line":335,"type":"if","locations":[{"start":{"line":335,"column":12},"end":{"line":335,"column":12}},{"start":{"line":335,"column":12},"end":{"line":335,"column":12}}]},"21":{"line":338,"type":"if","locations":[{"start":{"line":338,"column":12},"end":{"line":338,"column":12}},{"start":{"line":338,"column":12},"end":{"line":338,"column":12}}]},"22":{"line":344,"type":"if","locations":[{"start":{"line":344,"column":8},"end":{"line":344,"column":8}},{"start":{"line":344,"column":8},"end":{"line":344,"column":8}}]},"23":{"line":345,"type":"if","locations":[{"start":{"line":345,"column":12},"end":{"line":345,"column":12}},{"start":{"line":345,"column":12},"end":{"line":345,"column":12}}]},"24":{"line":348,"type":"if","locations":[{"start":{"line":348,"column":12},"end":{"line":348,"column":12}},{"start":{"line":348,"column":12},"end":{"line":348,"column":12}}]}}}}